{"timestamp": "2024-06-13T12:22:52.897383", "level": "INFO", "message": "OCPP GW application started..."}
{"timestamp": "2024-06-13T12:22:52.898937", "level": "INFO", "message": "KFH: Kafka consumer and producer initialized. servers: kafka01:29192,kafka02:29292,kafka03:29392)"}
{"timestamp": "2024-06-13T12:22:52.899048", "level": "INFO", "message": "WSH: WebSocket server initialized. host: 0.0.0.0 port: 9000"}
{"timestamp": "2024-06-13T12:48:05.666797", "level": "INFO", "message": "WSH: Connection Request. charge_point_id: CP_1"}
{"timestamp": "2024-06-13T12:48:05.667936", "level": "INFO", "message": "KFH: Publishing message msg_headers: [('charge_point_id', 'CP_1')] msg_value: <Call - unique_id=84325710-37e4-49f8-98f0-b36b1e658fe8, action=BootNotification, payload={'chargingStation': {'model': 'Wallbox 123', 'vendorName': 'anewone'}, 'reason': 'PowerUp'}>"}
{"timestamp": "2024-06-13T12:48:06.295900", "level": "INFO", "message": "KFH: Message delivered to CSMS. msg_value: b'[2,\"84325710-37e4-49f8-98f0-b36b1e658fe8\",\"BootNotification\",{\"chargingStation\":{\"model\":\"Wallbox 123\",\"vendorName\":\"anewone\"},\"reason\":\"PowerUp\"}]'"}
{"timestamp": "2024-06-13T12:48:35.677065", "level": "INFO", "message": "WSH: Client disconnected. charge_point_id: CP_1"}
{"timestamp": "2024-06-13T12:48:45.332428", "level": "INFO", "message": "WSH: Connection Request. charge_point_id: CP_1"}
{"timestamp": "2024-06-13T12:48:45.335850", "level": "INFO", "message": "KFH: Publishing message msg_headers: [('charge_point_id', 'CP_1')] msg_value: <Call - unique_id=6d873476-5352-49f9-8682-cb6128842ed5, action=BootNotification, payload={'chargingStation': {'model': 'Wallbox 123', 'vendorName': 'anewone'}, 'reason': 'PowerUp'}>"}
{"timestamp": "2024-06-13T12:48:45.365594", "level": "INFO", "message": "KFH: Message delivered to CSMS. msg_value: b'[2,\"6d873476-5352-49f9-8682-cb6128842ed5\",\"BootNotification\",{\"chargingStation\":{\"model\":\"Wallbox 123\",\"vendorName\":\"anewone\"},\"reason\":\"PowerUp\"}]'"}
{"timestamp": "2024-06-13T12:49:15.355607", "level": "INFO", "message": "WSH: Client disconnected. charge_point_id: CP_1"}
{"timestamp": "2024-06-13T12:49:47.380925", "level": "INFO", "message": "WSH: Connection Request. charge_point_id: CP_1"}
{"timestamp": "2024-06-13T12:49:47.384476", "level": "INFO", "message": "KFH: Publishing message msg_headers: [('charge_point_id', 'CP_1')] msg_value: <Call - unique_id=519fd006-4110-46c6-aab7-5242d0767c14, action=BootNotification, payload={'chargingStation': {'model': 'Wallbox 123', 'vendorName': 'anewone'}, 'reason': 'PowerUp'}>"}
{"timestamp": "2024-06-13T12:49:47.405328", "level": "INFO", "message": "KFH: Message delivered to CSMS. msg_value: b'[2,\"519fd006-4110-46c6-aab7-5242d0767c14\",\"BootNotification\",{\"chargingStation\":{\"model\":\"Wallbox 123\",\"vendorName\":\"anewone\"},\"reason\":\"PowerUp\"}]'"}
{"timestamp": "2024-06-13T12:50:17.404622", "level": "INFO", "message": "WSH: Client disconnected. charge_point_id: CP_1"}
{"timestamp": "2024-06-13T13:15:22.757758", "level": "INFO", "message": "OCPP GW application started..."}
{"timestamp": "2024-06-13T13:15:22.761099", "level": "INFO", "message": "KFH: Kafka consumer and producer initialized. servers: kafka01:29192,kafka02:29292,kafka03:29392)"}
{"timestamp": "2024-06-13T13:15:22.761390", "level": "INFO", "message": "WSH: WebSocket server initialized. host: 0.0.0.0 port: 9000"}
{"timestamp": "2024-06-13T13:15:29.768472", "level": "INFO", "message": "WSH: Connection Request. charge_point_id: CP_1"}
{"timestamp": "2024-06-13T13:15:29.770680", "level": "INFO", "message": "KFH: Publishing message msg_headers: [('charge_point_id', 'CP_1')] msg_value: <Call - unique_id=d689d125-b6d9-4034-b706-26d6b8bfbc26, action=BootNotification, payload={'chargingStation': {'model': 'Wallbox 123', 'vendorName': 'anewone'}, 'reason': 'PowerUp'}>"}
{"timestamp": "2024-06-13T13:15:30.777330", "level": "INFO", "message": "KFH: Message delivered to CSMS. msg_value: b'[2,\"d689d125-b6d9-4034-b706-26d6b8bfbc26\",\"BootNotification\",{\"chargingStation\":{\"model\":\"Wallbox 123\",\"vendorName\":\"anewone\"},\"reason\":\"PowerUp\"}]'"}
{"timestamp": "2024-06-13T13:15:59.801647", "level": "INFO", "message": "WSH: Client disconnected. charge_point_id: CP_1"}
{"timestamp": "2024-06-13T13:17:07.858056", "level": "INFO", "message": "WSH: Connection Request. charge_point_id: CP_1"}
{"timestamp": "2024-06-13T13:17:07.861347", "level": "INFO", "message": "KFH: Publishing message msg_headers: [('charge_point_id', 'CP_1')] msg_value: <Call - unique_id=41af22c1-fa81-4e40-859f-3f05a4728d78, action=BootNotification, payload={'chargingStation': {'model': 'Wallbox 123', 'vendorName': 'anewone'}, 'reason': 'PowerUp'}>"}
{"timestamp": "2024-06-13T13:17:07.876737", "level": "INFO", "message": "KFH: Message delivered to CSMS. msg_value: b'[2,\"41af22c1-fa81-4e40-859f-3f05a4728d78\",\"BootNotification\",{\"chargingStation\":{\"model\":\"Wallbox 123\",\"vendorName\":\"anewone\"},\"reason\":\"PowerUp\"}]'"}
{"timestamp": "2024-06-13T13:17:25.875391", "level": "INFO", "message": "WSH: Client disconnected. charge_point_id: CP_1"}
{"timestamp": "2024-06-13T13:18:37.936046", "level": "INFO", "message": "WSH: Connection Request. charge_point_id: CP_1"}
{"timestamp": "2024-06-13T13:18:37.939303", "level": "INFO", "message": "KFH: Publishing message msg_headers: [('charge_point_id', 'CP_1')] msg_value: <Call - unique_id=205d26d8-9f3c-4ac2-b026-3a28cf328edd, action=BootNotification, payload={'chargingStation': {'model': 'Wallbox 123', 'vendorName': 'anewone'}, 'reason': 'PowerUp'}>"}
{"timestamp": "2024-06-13T13:18:37.956212", "level": "INFO", "message": "KFH: Message delivered to CSMS. msg_value: b'[2,\"205d26d8-9f3c-4ac2-b026-3a28cf328edd\",\"BootNotification\",{\"chargingStation\":{\"model\":\"Wallbox 123\",\"vendorName\":\"anewone\"},\"reason\":\"PowerUp\"}]'"}
{"timestamp": "2024-06-13T13:18:41.939706", "level": "INFO", "message": "WSH: Client disconnected. charge_point_id: CP_1"}
{"timestamp": "2024-06-13T13:19:06.140802", "level": "INFO", "message": "WSH: Connection Request. charge_point_id: CP_1"}
{"timestamp": "2024-06-13T13:19:06.141759", "level": "INFO", "message": "KFH: Publishing message msg_headers: [('charge_point_id', 'CP_1')] msg_value: <Call - unique_id=b028509f-0f4c-449c-bbd3-1f88cc1a7943, action=BootNotification, payload={'chargingStation': {'model': 'Wallbox 123', 'vendorName': 'anewone'}, 'reason': 'PowerUp'}>"}
{"timestamp": "2024-06-13T13:19:06.158769", "level": "INFO", "message": "KFH: Message delivered to CSMS. msg_value: b'[2,\"b028509f-0f4c-449c-bbd3-1f88cc1a7943\",\"BootNotification\",{\"chargingStation\":{\"model\":\"Wallbox 123\",\"vendorName\":\"anewone\"},\"reason\":\"PowerUp\"}]'"}
{"timestamp": "2024-06-13T13:19:36.157770", "level": "INFO", "message": "WSH: Client disconnected. charge_point_id: CP_1"}
{"timestamp": "2024-06-13T13:19:48.533167", "level": "INFO", "message": "WSH: Connection Request. charge_point_id: CP_1"}
{"timestamp": "2024-06-13T13:19:48.534137", "level": "INFO", "message": "KFH: Publishing message msg_headers: [('charge_point_id', 'CP_1')] msg_value: <Call - unique_id=267eb3b8-92c4-4cfe-9a11-f59110888ae7, action=BootNotification, payload={'chargingStation': {'model': 'Wallbox 123', 'vendorName': 'anewone'}, 'reason': 'PowerUp'}>"}
{"timestamp": "2024-06-13T13:19:48.546941", "level": "INFO", "message": "KFH: Message delivered to CSMS. msg_value: b'[2,\"267eb3b8-92c4-4cfe-9a11-f59110888ae7\",\"BootNotification\",{\"chargingStation\":{\"model\":\"Wallbox 123\",\"vendorName\":\"anewone\"},\"reason\":\"PowerUp\"}]'"}
{"timestamp": "2024-06-13T13:20:04.012337", "level": "INFO", "message": "WSH: Client disconnected. charge_point_id: CP_1"}
{"timestamp": "2024-06-13T13:21:20.075897", "level": "INFO", "message": "WSH: Connection Request. charge_point_id: CP_1"}
{"timestamp": "2024-06-13T13:21:20.077246", "level": "INFO", "message": "KFH: Publishing message msg_headers: [('charge_point_id', 'CP_1')] msg_value: <Call - unique_id=83304cad-eab0-4d90-8ef2-4d140f006c29, action=BootNotification, payload={'chargingStation': {'model': 'Wallbox 123', 'vendorName': 'anewone'}, 'reason': 'PowerUp'}>"}
{"timestamp": "2024-06-13T13:21:20.093740", "level": "INFO", "message": "KFH: Message delivered to CSMS. msg_value: b'[2,\"83304cad-eab0-4d90-8ef2-4d140f006c29\",\"BootNotification\",{\"chargingStation\":{\"model\":\"Wallbox 123\",\"vendorName\":\"anewone\"},\"reason\":\"PowerUp\"}]'"}
{"timestamp": "2024-06-13T13:21:32.089242", "level": "INFO", "message": "WSH: Client disconnected. charge_point_id: CP_1"}
{"timestamp": "2024-06-13T13:24:52.266177", "level": "INFO", "message": "WSH: Connection Request. charge_point_id: CP_1"}
{"timestamp": "2024-06-13T13:24:52.269425", "level": "INFO", "message": "KFH: Publishing message msg_headers: [('charge_point_id', 'CP_1')] msg_value: <Call - unique_id=00b90313-f08e-41d7-86bf-77e3be7a74c2, action=BootNotification, payload={'chargingStation': {'model': 'Wallbox 123', 'vendorName': 'anewone'}, 'reason': 'PowerUp'}>"}
{"timestamp": "2024-06-13T13:24:52.280169", "level": "INFO", "message": "KFH: Message delivered to CSMS. msg_value: b'[2,\"00b90313-f08e-41d7-86bf-77e3be7a74c2\",\"BootNotification\",{\"chargingStation\":{\"model\":\"Wallbox 123\",\"vendorName\":\"anewone\"},\"reason\":\"PowerUp\"}]'"}
{"timestamp": "2024-06-13T13:25:22.291482", "level": "INFO", "message": "WSH: Client disconnected. charge_point_id: CP_1"}
{"timestamp": "2024-06-13T13:32:41.126386", "level": "INFO", "message": "WSH: Connection Request. charge_point_id: CP_1"}
{"timestamp": "2024-06-13T13:32:41.127369", "level": "INFO", "message": "KFH: Publishing message msg_headers: [('charge_point_id', 'CP_1')] msg_value: <Call - unique_id=14793d90-0617-4c9f-b424-dd7ee7214277, action=BootNotification, payload={'chargingStation': {'model': 'Wallbox 123', 'vendorName': 'anewone'}, 'reason': 'PowerUp'}>"}
{"timestamp": "2024-06-13T13:32:41.135691", "level": "INFO", "message": "KFH: Message delivered to CSMS. msg_value: b'[2,\"14793d90-0617-4c9f-b424-dd7ee7214277\",\"BootNotification\",{\"chargingStation\":{\"model\":\"Wallbox 123\",\"vendorName\":\"anewone\"},\"reason\":\"PowerUp\"}]'"}
{"timestamp": "2024-06-13T13:32:41.814363", "level": "INFO", "message": "KFH:  Message consumed. topic: messages_out msg_value: <CallResult - unique_id=14793d90-0617-4c9f-b424-dd7ee7214277, action=None, payload={'currentTime': '2024-06-13T15:32:41.135326', 'interval': 10, 'status': 'Accepted'}> msg_headers: [('charge_point_id', b'CP_1')] "}
{"timestamp": "2024-06-13T13:32:42.818769", "level": "INFO", "message": "KFH: Publishing message msg_headers: [('charge_point_id', 'CP_1')] msg_value: <Call - unique_id=04ede3b7-858a-48e7-a444-cc53bdf44987, action=Heartbeat, payload={}>"}
{"timestamp": "2024-06-13T13:32:42.828759", "level": "INFO", "message": "KFH: Message delivered to CSMS. msg_value: b'[2,\"04ede3b7-858a-48e7-a444-cc53bdf44987\",\"Heartbeat\",{}]'"}
{"timestamp": "2024-06-13T13:32:43.820419", "level": "INFO", "message": "KFH:  Message consumed. topic: messages_out msg_value: <CallResult - unique_id=04ede3b7-858a-48e7-a444-cc53bdf44987, action=None, payload={'currentTime': '2024-06-13T15:32:42.920272'}> msg_headers: [('charge_point_id', b'CP_1')] "}
{"timestamp": "2024-06-13T13:32:54.830276", "level": "INFO", "message": "KFH: Publishing message msg_headers: [('charge_point_id', 'CP_1')] msg_value: <Call - unique_id=120c7f61-bcee-4d6a-a19b-c4b162bc6e26, action=Heartbeat, payload={}>"}
{"timestamp": "2024-06-13T13:32:54.840633", "level": "INFO", "message": "KFH: Message delivered to CSMS. msg_value: b'[2,\"120c7f61-bcee-4d6a-a19b-c4b162bc6e26\",\"Heartbeat\",{}]'"}
{"timestamp": "2024-06-13T13:32:55.831255", "level": "INFO", "message": "KFH:  Message consumed. topic: messages_out msg_value: <CallResult - unique_id=120c7f61-bcee-4d6a-a19b-c4b162bc6e26, action=None, payload={'currentTime': '2024-06-13T15:32:54.840731'}> msg_headers: [('charge_point_id', b'CP_1')] "}
{"timestamp": "2024-06-13T13:33:06.839951", "level": "INFO", "message": "KFH: Publishing message msg_headers: [('charge_point_id', 'CP_1')] msg_value: <Call - unique_id=86b10dc6-c8b2-4596-aa2c-2d0dc0e86cbe, action=Heartbeat, payload={}>"}
{"timestamp": "2024-06-13T13:33:06.852144", "level": "INFO", "message": "KFH: Message delivered to CSMS. msg_value: b'[2,\"86b10dc6-c8b2-4596-aa2c-2d0dc0e86cbe\",\"Heartbeat\",{}]'"}
{"timestamp": "2024-06-13T13:33:07.841751", "level": "INFO", "message": "KFH:  Message consumed. topic: messages_out msg_value: <CallResult - unique_id=86b10dc6-c8b2-4596-aa2c-2d0dc0e86cbe, action=None, payload={'currentTime': '2024-06-13T15:33:06.851100'}> msg_headers: [('charge_point_id', b'CP_1')] "}
{"timestamp": "2024-06-13T13:33:09.101167", "level": "INFO", "message": "WSH: Client disconnected. charge_point_id: CP_1"}
{"timestamp": "2024-06-13T13:49:35.955810", "level": "INFO", "message": "OCPP GW application started..."}
{"timestamp": "2024-06-13T13:49:35.957862", "level": "INFO", "message": "KFH: Kafka consumer and producer initialized. servers: kafka01:29192,kafka02:29292,kafka03:29392)"}
{"timestamp": "2024-06-13T13:49:35.957982", "level": "INFO", "message": "WSH: WebSocket server initialized. host: 0.0.0.0 port: 9000"}
{"timestamp": "2024-06-13T13:49:49.964736", "level": "INFO", "message": "WSH: Connection Request. charge_point_id: CP_1"}
{"timestamp": "2024-06-13T13:49:49.965621", "level": "INFO", "message": "KFH: Publishing message msg_headers: [('charge_point_id', 'CP_1')] msg_value: <Call - unique_id=7dcbbfcf-aece-42b1-94c9-5dbc3f87dca4, action=BootNotification, payload={'chargingStation': {'model': 'Wallbox 123', 'vendorName': 'anewone'}, 'reason': 'PowerUp'}>"}
{"timestamp": "2024-06-13T13:49:50.971132", "level": "INFO", "message": "KFH: Message delivered to CSMS. msg_value: b'[2,\"7dcbbfcf-aece-42b1-94c9-5dbc3f87dca4\",\"BootNotification\",{\"chargingStation\":{\"model\":\"Wallbox 123\",\"vendorName\":\"anewone\"},\"reason\":\"PowerUp\"}]'"}
{"timestamp": "2024-06-13T13:49:51.618658", "level": "INFO", "message": "KFH:  Message consumed. topic: messages_out msg_value: <CallResult - unique_id=7dcbbfcf-aece-42b1-94c9-5dbc3f87dca4, action=None, payload={'currentTime': '2024-06-13T15:49:50.970845', 'interval': 10, 'status': 'Accepted'}> msg_headers: [('charge_point_id', b'CP_1')] "}
{"timestamp": "2024-06-13T13:49:52.619786", "level": "INFO", "message": "KFH: Publishing message msg_headers: [('charge_point_id', 'CP_1')] msg_value: <Call - unique_id=7bc39302-e716-459a-8a46-602c083fab73, action=Heartbeat, payload={}>"}
{"timestamp": "2024-06-13T13:49:52.627602", "level": "INFO", "message": "KFH: Message delivered to CSMS. msg_value: b'[2,\"7bc39302-e716-459a-8a46-602c083fab73\",\"Heartbeat\",{}]'"}
{"timestamp": "2024-06-13T13:49:53.621161", "level": "INFO", "message": "KFH:  Message consumed. topic: messages_out msg_value: <CallResult - unique_id=7bc39302-e716-459a-8a46-602c083fab73, action=None, payload={'currentTime': '2024-06-13T15:49:52.721795'}> msg_headers: [('charge_point_id', b'CP_1')] "}
{"timestamp": "2024-06-13T13:50:04.629931", "level": "INFO", "message": "KFH: Publishing message msg_headers: [('charge_point_id', 'CP_1')] msg_value: <Call - unique_id=26569a16-a0b4-4503-8091-a15949355bf0, action=Heartbeat, payload={}>"}
{"timestamp": "2024-06-13T13:50:04.639201", "level": "INFO", "message": "KFH: Message delivered to CSMS. msg_value: b'[2,\"26569a16-a0b4-4503-8091-a15949355bf0\",\"Heartbeat\",{}]'"}
{"timestamp": "2024-06-13T13:50:05.630822", "level": "INFO", "message": "KFH:  Message consumed. topic: messages_out msg_value: <CallResult - unique_id=26569a16-a0b4-4503-8091-a15949355bf0, action=None, payload={'currentTime': '2024-06-13T15:50:04.638717'}> msg_headers: [('charge_point_id', b'CP_1')] "}
{"timestamp": "2024-06-13T13:50:16.641138", "level": "INFO", "message": "KFH: Publishing message msg_headers: [('charge_point_id', 'CP_1')] msg_value: <Call - unique_id=da488eea-de9d-4eaa-addb-ef85484f2e03, action=Heartbeat, payload={}>"}
{"timestamp": "2024-06-13T13:50:16.651771", "level": "INFO", "message": "KFH: Message delivered to CSMS. msg_value: b'[2,\"da488eea-de9d-4eaa-addb-ef85484f2e03\",\"Heartbeat\",{}]'"}
{"timestamp": "2024-06-13T13:50:17.642648", "level": "INFO", "message": "KFH:  Message consumed. topic: messages_out msg_value: <CallResult - unique_id=da488eea-de9d-4eaa-addb-ef85484f2e03, action=None, payload={'currentTime': '2024-06-13T15:50:16.651829'}> msg_headers: [('charge_point_id', b'CP_1')] "}
{"timestamp": "2024-06-13T13:50:28.652838", "level": "INFO", "message": "KFH: Publishing message msg_headers: [('charge_point_id', 'CP_1')] msg_value: <Call - unique_id=70d3baeb-a12c-4e95-ae86-c962fbc27749, action=Heartbeat, payload={}>"}
{"timestamp": "2024-06-13T13:50:28.664591", "level": "INFO", "message": "KFH: Message delivered to CSMS. msg_value: b'[2,\"70d3baeb-a12c-4e95-ae86-c962fbc27749\",\"Heartbeat\",{}]'"}
{"timestamp": "2024-06-13T13:50:57.665354", "level": "INFO", "message": "KFH: Publishing message msg_headers: [('charge_point_id', 'CP_1')] msg_value: <Call - unique_id=451eedeb-5eac-4018-b4cf-79316b6a82fe, action=Heartbeat, payload={}>"}
{"timestamp": "2024-06-13T13:50:57.674438", "level": "INFO", "message": "KFH: Message delivered to CSMS. msg_value: b'[2,\"451eedeb-5eac-4018-b4cf-79316b6a82fe\",\"Heartbeat\",{}]'"}
{"timestamp": "2024-06-13T13:51:21.700677", "level": "INFO", "message": "KFH:  Message consumed. topic: messages_out msg_value: <CallResult - unique_id=70d3baeb-a12c-4e95-ae86-c962fbc27749, action=None, payload={'currentTime': '2024-06-13T15:51:20.295680'}> msg_headers: [('charge_point_id', b'CP_1')] "}
{"timestamp": "2024-06-13T13:51:27.667389", "level": "INFO", "message": "KFH: Publishing message msg_headers: [('charge_point_id', 'CP_1')] msg_value: <Call - unique_id=3578816f-236d-44b3-a878-c9a8e3288ed8, action=Heartbeat, payload={}>"}
{"timestamp": "2024-06-13T13:51:27.683196", "level": "INFO", "message": "KFH: Message delivered to CSMS. msg_value: b'[2,\"3578816f-236d-44b3-a878-c9a8e3288ed8\",\"Heartbeat\",{}]'"}
{"timestamp": "2024-06-13T13:51:27.705750", "level": "INFO", "message": "KFH:  Message consumed. topic: messages_out msg_value: <CallResult - unique_id=3578816f-236d-44b3-a878-c9a8e3288ed8, action=None, payload={'currentTime': '2024-06-13T15:51:27.683385'}> msg_headers: [('charge_point_id', b'CP_1')] "}
{"timestamp": "2024-06-13T13:51:38.713481", "level": "INFO", "message": "KFH: Publishing message msg_headers: [('charge_point_id', 'CP_1')] msg_value: <Call - unique_id=e1e737de-7a48-4b66-8a06-973b8961ae45, action=Heartbeat, payload={}>"}
{"timestamp": "2024-06-13T13:51:38.724114", "level": "INFO", "message": "KFH: Message delivered to CSMS. msg_value: b'[2,\"e1e737de-7a48-4b66-8a06-973b8961ae45\",\"Heartbeat\",{}]'"}
{"timestamp": "2024-06-13T13:51:39.714982", "level": "INFO", "message": "KFH:  Message consumed. topic: messages_out msg_value: <CallResult - unique_id=e1e737de-7a48-4b66-8a06-973b8961ae45, action=None, payload={'currentTime': '2024-06-13T15:51:38.723166'}> msg_headers: [('charge_point_id', b'CP_1')] "}
{"timestamp": "2024-06-13T13:51:46.725417", "level": "INFO", "message": "WSH: Client disconnected. charge_point_id: CP_1"}
{"timestamp": "2024-06-13T13:54:40.865442", "level": "INFO", "message": "WSH: Connection Request. charge_point_id: CP_1"}
{"timestamp": "2024-06-13T13:54:40.868725", "level": "INFO", "message": "KFH: Publishing message msg_headers: [('charge_point_id', 'CP_1')] msg_value: <Call - unique_id=453ce44c-84a2-4e83-b662-8ca1fb030080, action=BootNotification, payload={'chargingStation': {'model': 'Wallbox 123', 'vendorName': 'anewone'}, 'reason': 'PowerUp'}>"}
{"timestamp": "2024-06-13T13:54:40.878682", "level": "INFO", "message": "KFH: Message delivered to CSMS. msg_value: b'[2,\"453ce44c-84a2-4e83-b662-8ca1fb030080\",\"BootNotification\",{\"chargingStation\":{\"model\":\"Wallbox 123\",\"vendorName\":\"anewone\"},\"reason\":\"PowerUp\"}]'"}
{"timestamp": "2024-06-13T13:54:41.865302", "level": "INFO", "message": "KFH:  Message consumed. topic: messages_out msg_value: <CallResult - unique_id=453ce44c-84a2-4e83-b662-8ca1fb030080, action=None, payload={'currentTime': '2024-06-13T15:54:40.877816', 'interval': 10, 'status': 'Accepted'}> msg_headers: [('charge_point_id', b'CP_1')] "}
{"timestamp": "2024-06-13T13:54:42.866428", "level": "INFO", "message": "KFH: Publishing message msg_headers: [('charge_point_id', 'CP_1')] msg_value: <Call - unique_id=af04023e-d709-4fda-be04-921318c5df7e, action=Heartbeat, payload={}>"}
{"timestamp": "2024-06-13T13:54:42.880483", "level": "INFO", "message": "KFH: Message delivered to CSMS. msg_value: b'[2,\"af04023e-d709-4fda-be04-921318c5df7e\",\"Heartbeat\",{}]'"}
{"timestamp": "2024-06-13T13:54:43.868084", "level": "INFO", "message": "KFH:  Message consumed. topic: messages_out msg_value: <CallResult - unique_id=af04023e-d709-4fda-be04-921318c5df7e, action=None, payload={'currentTime': '2024-06-13T15:54:42.880495'}> msg_headers: [('charge_point_id', b'CP_1')] "}
{"timestamp": "2024-06-13T13:54:54.877911", "level": "INFO", "message": "KFH: Publishing message msg_headers: [('charge_point_id', 'CP_1')] msg_value: <Call - unique_id=9a41af51-8644-45af-89d7-056d58e195e1, action=Heartbeat, payload={}>"}
{"timestamp": "2024-06-13T13:54:54.888310", "level": "INFO", "message": "KFH: Message delivered to CSMS. msg_value: b'[2,\"9a41af51-8644-45af-89d7-056d58e195e1\",\"Heartbeat\",{}]'"}
{"timestamp": "2024-06-13T13:54:55.879028", "level": "INFO", "message": "KFH:  Message consumed. topic: messages_out msg_value: <CallResult - unique_id=9a41af51-8644-45af-89d7-056d58e195e1, action=None, payload={'currentTime': '2024-06-13T15:54:54.888962'}> msg_headers: [('charge_point_id', b'CP_1')] "}
{"timestamp": "2024-06-13T13:55:05.887062", "level": "INFO", "message": "KFH: Publishing message msg_headers: [('charge_point_id', 'CP_1')] msg_value: <Call - unique_id=aeb267c0-5bab-4fbd-abcf-40a45ddd2a8b, action=Heartbeat, payload={}>"}
{"timestamp": "2024-06-13T13:55:05.896211", "level": "INFO", "message": "KFH: Message delivered to CSMS. msg_value: b'[2,\"aeb267c0-5bab-4fbd-abcf-40a45ddd2a8b\",\"Heartbeat\",{}]'"}
{"timestamp": "2024-06-13T13:55:05.904421", "level": "INFO", "message": "KFH:  Message consumed. topic: messages_out msg_value: <CallResult - unique_id=aeb267c0-5bab-4fbd-abcf-40a45ddd2a8b, action=None, payload={'currentTime': '2024-06-13T15:55:05.902435'}> msg_headers: [('charge_point_id', b'CP_1')] "}
{"timestamp": "2024-06-13T13:55:16.914450", "level": "INFO", "message": "KFH: Publishing message msg_headers: [('charge_point_id', 'CP_1')] msg_value: <Call - unique_id=f4e95831-22b1-4c9c-8fc9-ff2fae8cb1ee, action=Heartbeat, payload={}>"}
{"timestamp": "2024-06-13T13:55:16.924734", "level": "INFO", "message": "KFH: Message delivered to CSMS. msg_value: b'[2,\"f4e95831-22b1-4c9c-8fc9-ff2fae8cb1ee\",\"Heartbeat\",{}]'"}
{"timestamp": "2024-06-13T13:55:17.916514", "level": "INFO", "message": "KFH:  Message consumed. topic: messages_out msg_value: <CallResult - unique_id=f4e95831-22b1-4c9c-8fc9-ff2fae8cb1ee, action=None, payload={'currentTime': '2024-06-13T15:55:16.925004'}> msg_headers: [('charge_point_id', b'CP_1')] "}
{"timestamp": "2024-06-13T13:55:28.928498", "level": "INFO", "message": "KFH: Publishing message msg_headers: [('charge_point_id', 'CP_1')] msg_value: <Call - unique_id=d08fb572-05e7-46fa-8d19-75464108f67c, action=Heartbeat, payload={}>"}
{"timestamp": "2024-06-13T13:55:28.939480", "level": "INFO", "message": "KFH: Message delivered to CSMS. msg_value: b'[2,\"d08fb572-05e7-46fa-8d19-75464108f67c\",\"Heartbeat\",{}]'"}
{"timestamp": "2024-06-13T13:55:29.930240", "level": "INFO", "message": "KFH:  Message consumed. topic: messages_out msg_value: <CallResult - unique_id=d08fb572-05e7-46fa-8d19-75464108f67c, action=None, payload={'currentTime': '2024-06-13T15:55:29.038379'}> msg_headers: [('charge_point_id', b'CP_1')] "}
{"timestamp": "2024-06-13T13:55:40.940532", "level": "INFO", "message": "KFH: Publishing message msg_headers: [('charge_point_id', 'CP_1')] msg_value: <Call - unique_id=476c5e26-0dae-4f40-bcfa-e3642e1b5df7, action=Heartbeat, payload={}>"}
{"timestamp": "2024-06-13T13:55:40.951054", "level": "INFO", "message": "KFH: Message delivered to CSMS. msg_value: b'[2,\"476c5e26-0dae-4f40-bcfa-e3642e1b5df7\",\"Heartbeat\",{}]'"}
{"timestamp": "2024-06-13T13:55:41.709358", "level": "INFO", "message": "WSH: Client disconnected. charge_point_id: CP_1"}
{"timestamp": "2024-06-13T14:05:57.750024", "level": "INFO", "message": "OCPP GW application started..."}
{"timestamp": "2024-06-13T14:05:57.752273", "level": "INFO", "message": "KFH: Kafka consumer and producer initialized. servers: kafka01:29192,kafka02:29292,kafka03:29392)"}
{"timestamp": "2024-06-13T14:05:57.752403", "level": "INFO", "message": "WSH: WebSocket server initialized. host: 0.0.0.0 port: 9000"}
{"timestamp": "2024-06-13T14:06:00.913304", "level": "INFO", "message": "WSH: Connection Request. charge_point_id: CP_1"}
{"timestamp": "2024-06-13T14:06:00.916717", "level": "INFO", "message": "KFH: Publishing message msg_headers: [('charge_point_id', 'CP_1')] msg_value: <Call - unique_id=17394be3-cf1f-4795-89d6-0c0e0b856366, action=BootNotification, payload={'chargingStation': {'model': 'Wallbox 123', 'vendorName': 'anewone'}, 'reason': 'PowerUp'}>"}
{"timestamp": "2024-06-13T14:06:01.756624", "level": "INFO", "message": "KFH: Message delivered to CSMS. msg_value: b'[2,\"17394be3-cf1f-4795-89d6-0c0e0b856366\",\"BootNotification\",{\"chargingStation\":{\"model\":\"Wallbox 123\",\"vendorName\":\"anewone\"},\"reason\":\"PowerUp\"}]'"}
{"timestamp": "2024-06-13T14:06:08.764698", "level": "INFO", "message": "WSH: Client disconnected. charge_point_id: CP_1"}
{"timestamp": "2024-06-13T14:06:34.785151", "level": "INFO", "message": "WSH: Connection Request. charge_point_id: CP_1"}
{"timestamp": "2024-06-13T14:06:34.788813", "level": "INFO", "message": "KFH: Publishing message msg_headers: [('charge_point_id', 'CP_1')] msg_value: <Call - unique_id=663987e7-f413-45d3-9f94-e68788b113cc, action=BootNotification, payload={'chargingStation': {'model': 'Wallbox 123', 'vendorName': 'anewone'}, 'reason': 'PowerUp'}>"}
{"timestamp": "2024-06-13T14:06:34.798229", "level": "INFO", "message": "KFH: Message delivered to CSMS. msg_value: b'[2,\"663987e7-f413-45d3-9f94-e68788b113cc\",\"BootNotification\",{\"chargingStation\":{\"model\":\"Wallbox 123\",\"vendorName\":\"anewone\"},\"reason\":\"PowerUp\"}]'"}
{"timestamp": "2024-06-13T14:07:03.809212", "level": "INFO", "message": "KFH:  Message consumed. topic: messages_out msg_value: <CallResult - unique_id=476c5e26-0dae-4f40-bcfa-e3642e1b5df7, action=None, payload={'currentTime': '2024-06-13T16:07:02.500775'}> msg_headers: [('charge_point_id', b'CP_1')] "}
{"timestamp": "2024-06-13T14:07:03.810480", "level": "INFO", "message": "KFH:  Message consumed. topic: messages_out msg_value: <CallResult - unique_id=17394be3-cf1f-4795-89d6-0c0e0b856366, action=None, payload={'currentTime': '2024-06-13T16:07:03.491593', 'interval': 10, 'status': 'Accepted'}> msg_headers: [('charge_point_id', b'CP_1')] "}
{"timestamp": "2024-06-13T14:07:04.813435", "level": "INFO", "message": "WSH: Client disconnected. charge_point_id: CP_1"}
{"timestamp": "2024-06-13T14:07:10.819144", "level": "INFO", "message": "WSH: Connection Request. charge_point_id: CP_1"}
{"timestamp": "2024-06-13T14:07:10.821714", "level": "INFO", "message": "KFH: Publishing message msg_headers: [('charge_point_id', 'CP_1')] msg_value: <Call - unique_id=1117ae85-0252-434a-9d9e-129ef5f6860d, action=BootNotification, payload={'chargingStation': {'model': 'Wallbox 123', 'vendorName': 'anewone'}, 'reason': 'PowerUp'}>"}
{"timestamp": "2024-06-13T14:07:10.833239", "level": "INFO", "message": "KFH: Message delivered to CSMS. msg_value: b'[2,\"1117ae85-0252-434a-9d9e-129ef5f6860d\",\"BootNotification\",{\"chargingStation\":{\"model\":\"Wallbox 123\",\"vendorName\":\"anewone\"},\"reason\":\"PowerUp\"}]'"}
{"timestamp": "2024-06-13T14:07:11.818812", "level": "INFO", "message": "KFH:  Message consumed. topic: messages_out msg_value: <CallResult - unique_id=1117ae85-0252-434a-9d9e-129ef5f6860d, action=None, payload={'currentTime': '2024-06-13T16:07:10.833318', 'interval': 10, 'status': 'Accepted'}> msg_headers: [('charge_point_id', b'CP_1')] "}
{"timestamp": "2024-06-13T14:07:12.820287", "level": "INFO", "message": "KFH: Publishing message msg_headers: [('charge_point_id', 'CP_1')] msg_value: <Call - unique_id=12029f36-0712-4245-8e10-af2e978bfde8, action=Heartbeat, payload={}>"}
{"timestamp": "2024-06-13T14:07:12.829512", "level": "INFO", "message": "KFH: Message delivered to CSMS. msg_value: b'[2,\"12029f36-0712-4245-8e10-af2e978bfde8\",\"Heartbeat\",{}]'"}
{"timestamp": "2024-06-13T14:07:13.821958", "level": "INFO", "message": "KFH:  Message consumed. topic: messages_out msg_value: <CallResult - unique_id=12029f36-0712-4245-8e10-af2e978bfde8, action=None, payload={'currentTime': '2024-06-13T16:07:12.829619'}> msg_headers: [('charge_point_id', b'CP_1')] "}
{"timestamp": "2024-06-13T14:07:24.831414", "level": "INFO", "message": "KFH: Publishing message msg_headers: [('charge_point_id', 'CP_1')] msg_value: <Call - unique_id=5045bb41-0e45-4bcc-8bf4-bdd55ed1c547, action=Heartbeat, payload={}>"}
{"timestamp": "2024-06-13T14:07:24.842643", "level": "INFO", "message": "KFH: Message delivered to CSMS. msg_value: b'[2,\"5045bb41-0e45-4bcc-8bf4-bdd55ed1c547\",\"Heartbeat\",{}]'"}
{"timestamp": "2024-06-13T14:07:25.832573", "level": "INFO", "message": "KFH:  Message consumed. topic: messages_out msg_value: <CallResult - unique_id=5045bb41-0e45-4bcc-8bf4-bdd55ed1c547, action=None, payload={'currentTime': '2024-06-13T16:07:24.841250'}> msg_headers: [('charge_point_id', b'CP_1')] "}
{"timestamp": "2024-06-13T14:07:36.842597", "level": "INFO", "message": "KFH: Publishing message msg_headers: [('charge_point_id', 'CP_1')] msg_value: <Call - unique_id=78bc4590-000e-421f-a547-77fddf3eea14, action=Heartbeat, payload={}>"}
{"timestamp": "2024-06-13T14:07:36.853181", "level": "INFO", "message": "KFH: Message delivered to CSMS. msg_value: b'[2,\"78bc4590-000e-421f-a547-77fddf3eea14\",\"Heartbeat\",{}]'"}
{"timestamp": "2024-06-13T14:07:36.963423", "level": "INFO", "message": "WSH: Client disconnected. charge_point_id: CP_1"}
{"timestamp": "2024-06-13T14:12:09.306490", "level": "INFO", "message": "OCPP GW application started..."}
{"timestamp": "2024-06-13T14:12:09.308621", "level": "INFO", "message": "KFH: Kafka consumer and producer initialized. servers: kafka01:29192,kafka02:29292,kafka03:29392)"}
{"timestamp": "2024-06-13T14:12:09.308921", "level": "INFO", "message": "WSH: WebSocket server initialized. host: 0.0.0.0 port: 9000"}
{"timestamp": "2024-06-13T14:12:12.311757", "level": "INFO", "message": "WSH: Connection Request. charge_point_id: CP_1"}
{"timestamp": "2024-06-13T14:12:12.313671", "level": "INFO", "message": "KFH: Publishing message msg_headers: [('charge_point_id', 'CP_1')] msg_value: <Call - unique_id=4a073cba-6953-474b-97b1-1ba65a8ff9ed, action=BootNotification, payload={'chargingStation': {'model': 'Wallbox XYZ', 'vendorName': 'anewone'}, 'reason': 'PowerUp'}>"}
{"timestamp": "2024-06-13T14:12:13.319030", "level": "INFO", "message": "KFH: Message delivered to CSMS. msg_value: b'[2,\"4a073cba-6953-474b-97b1-1ba65a8ff9ed\",\"BootNotification\",{\"chargingStation\":{\"model\":\"Wallbox XYZ\",\"vendorName\":\"anewone\"},\"reason\":\"PowerUp\"}]'"}
{"timestamp": "2024-06-13T14:12:13.323057", "level": "INFO", "message": "KFH:  Message consumed. topic: messages_out msg_value: <CallResult - unique_id=78bc4590-000e-421f-a547-77fddf3eea14, action=None, payload={'currentTime': '2024-06-13T16:08:54.533161'}> msg_headers: [('charge_point_id', b'CP_1')] "}
{"timestamp": "2024-06-13T14:12:13.323317", "level": "INFO", "message": "KFH:  Message consumed. topic: messages_out msg_value: <CallResult - unique_id=78bc4590-000e-421f-a547-77fddf3eea14, action=None, payload={'currentTime': '2024-06-13T16:07:36.852536'}> msg_headers: [('charge_point_id', b'CP_1')] "}
{"timestamp": "2024-06-13T14:12:42.347402", "level": "INFO", "message": "WSH: Client disconnected. charge_point_id: CP_1"}
{"timestamp": "2024-06-13T14:14:42.012604", "level": "INFO", "message": "OCPP GW application started..."}
{"timestamp": "2024-06-13T14:14:42.014319", "level": "INFO", "message": "KFH: Kafka consumer and producer initialized. servers: kafka01:29192,kafka02:29292,kafka03:29392)"}
{"timestamp": "2024-06-13T14:14:42.014727", "level": "INFO", "message": "WSH: WebSocket server initialized. host: 0.0.0.0 port: 9000"}
{"timestamp": "2024-06-13T14:14:49.692725", "level": "INFO", "message": "WSH: Connection Request. charge_point_id: CP_1"}
{"timestamp": "2024-06-13T14:14:49.693844", "level": "INFO", "message": "KFH: Publishing message msg_headers: [('charge_point_id', 'CP_1')] msg_value: <Call - unique_id=ae20c93c-9f02-487f-b139-9b140c0348c2, action=BootNotification, payload={'chargingStation': {'model': 'Wallbox XYZ', 'vendorName': 'anewone'}, 'reason': 'PowerUp'}>"}
{"timestamp": "2024-06-13T14:14:50.019328", "level": "INFO", "message": "KFH: Message delivered to CSMS. msg_value: b'[2,\"ae20c93c-9f02-487f-b139-9b140c0348c2\",\"BootNotification\",{\"chargingStation\":{\"model\":\"Wallbox XYZ\",\"vendorName\":\"anewone\"},\"reason\":\"PowerUp\"}]'"}
{"timestamp": "2024-06-13T14:14:50.021699", "level": "INFO", "message": "KFH:  Message consumed. topic: messages_out msg_value: <CallResult - unique_id=ae20c93c-9f02-487f-b139-9b140c0348c2, action=None, payload={'currentTime': '2024-06-13T16:14:50.019254', 'interval': 10, 'status': 'Accepted'}> msg_headers: [('charge_point_id', b'CP_1')] "}
{"timestamp": "2024-06-13T14:14:51.022525", "level": "INFO", "message": "KFH: Publishing message msg_headers: [('charge_point_id', 'CP_1')] msg_value: <Call - unique_id=076e93ba-e8f6-452f-b921-2f4996dbae00, action=Heartbeat, payload={}>"}
{"timestamp": "2024-06-13T14:14:51.030560", "level": "INFO", "message": "KFH: Message delivered to CSMS. msg_value: b'[2,\"076e93ba-e8f6-452f-b921-2f4996dbae00\",\"Heartbeat\",{}]'"}
{"timestamp": "2024-06-13T14:14:52.024044", "level": "INFO", "message": "KFH:  Message consumed. topic: messages_out msg_value: <CallResult - unique_id=076e93ba-e8f6-452f-b921-2f4996dbae00, action=None, payload={'currentTime': '2024-06-13T16:14:51.122482'}> msg_headers: [('charge_point_id', b'CP_1')] "}
{"timestamp": "2024-06-13T14:15:03.033521", "level": "INFO", "message": "KFH: Publishing message msg_headers: [('charge_point_id', 'CP_1')] msg_value: <Call - unique_id=f20b0a1e-3148-4484-96e1-3f7fdac8217b, action=Heartbeat, payload={}>"}
{"timestamp": "2024-06-13T14:15:03.045386", "level": "INFO", "message": "KFH: Message delivered to CSMS. msg_value: b'[2,\"f20b0a1e-3148-4484-96e1-3f7fdac8217b\",\"Heartbeat\",{}]'"}
{"timestamp": "2024-06-13T14:15:04.034965", "level": "INFO", "message": "KFH:  Message consumed. topic: messages_out msg_value: <CallResult - unique_id=f20b0a1e-3148-4484-96e1-3f7fdac8217b, action=None, payload={'currentTime': '2024-06-13T16:15:03.044896'}> msg_headers: [('charge_point_id', b'CP_1')] "}
{"timestamp": "2024-06-13T14:15:15.044193", "level": "INFO", "message": "KFH: Publishing message msg_headers: [('charge_point_id', 'CP_1')] msg_value: <Call - unique_id=397c2dcd-68ea-48c7-9afb-e30648bf4397, action=Heartbeat, payload={}>"}
{"timestamp": "2024-06-13T14:15:15.057894", "level": "INFO", "message": "KFH: Message delivered to CSMS. msg_value: b'[2,\"397c2dcd-68ea-48c7-9afb-e30648bf4397\",\"Heartbeat\",{}]'"}
{"timestamp": "2024-06-13T14:15:16.045620", "level": "INFO", "message": "KFH:  Message consumed. topic: messages_out msg_value: <CallResult - unique_id=397c2dcd-68ea-48c7-9afb-e30648bf4397, action=None, payload={'currentTime': '2024-06-13T16:15:15.157121'}> msg_headers: [('charge_point_id', b'CP_1')] "}
{"timestamp": "2024-06-13T14:15:27.054305", "level": "INFO", "message": "KFH: Publishing message msg_headers: [('charge_point_id', 'CP_1')] msg_value: <Call - unique_id=3e2b8d4a-918c-4d00-9366-9b39a3630bff, action=Heartbeat, payload={}>"}
{"timestamp": "2024-06-13T14:15:27.064008", "level": "INFO", "message": "KFH: Message delivered to CSMS. msg_value: b'[2,\"3e2b8d4a-918c-4d00-9366-9b39a3630bff\",\"Heartbeat\",{}]'"}
{"timestamp": "2024-06-13T14:15:28.055631", "level": "INFO", "message": "KFH:  Message consumed. topic: messages_out msg_value: <CallResult - unique_id=3e2b8d4a-918c-4d00-9366-9b39a3630bff, action=None, payload={'currentTime': '2024-06-13T16:15:27.063222'}> msg_headers: [('charge_point_id', b'CP_1')] "}
{"timestamp": "2024-06-13T14:15:35.449749", "level": "INFO", "message": "WSH: Client disconnected. charge_point_id: CP_1"}
{"timestamp": "2024-06-13T14:19:06.754671", "level": "INFO", "message": "OCPP GW application started..."}
{"timestamp": "2024-06-13T14:19:06.756977", "level": "INFO", "message": "KFH: Kafka consumer and producer initialized. servers: kafka01:29192,kafka02:29292,kafka03:29392)"}
{"timestamp": "2024-06-13T14:19:06.757191", "level": "INFO", "message": "WSH: WebSocket server initialized. host: 0.0.0.0 port: 9000"}
{"timestamp": "2024-06-13T14:19:14.594131", "level": "INFO", "message": "WSH: Connection Request. charge_point_id: CP_1"}
{"timestamp": "2024-06-13T14:19:14.594970", "level": "INFO", "message": "KFH: Publishing message msg_headers: [('charge_point_id', 'CP_1')] msg_value: <Call - unique_id=45db62aa-59a6-4e9a-a5fd-8599a4b0104a, action=BootNotification, payload={'chargingStation': {'model': 'Wallbox XYZ', 'vendorName': 'anewone'}, 'reason': 'PowerUp'}>"}
{"timestamp": "2024-06-13T14:19:14.762815", "level": "INFO", "message": "KFH: Message delivered to CSMS. msg_value: b'[2,\"45db62aa-59a6-4e9a-a5fd-8599a4b0104a\",\"BootNotification\",{\"chargingStation\":{\"model\":\"Wallbox XYZ\",\"vendorName\":\"anewone\"},\"reason\":\"PowerUp\"}]'"}
{"timestamp": "2024-06-13T14:19:15.674494", "level": "INFO", "message": "KFH:  Message consumed. topic: messages_out msg_value: <CallResult - unique_id=45db62aa-59a6-4e9a-a5fd-8599a4b0104a, action=None, payload={'currentTime': '2024-06-13T16:19:14.762799', 'interval': 10, 'status': 'Accepted'}> msg_headers: [('charge_point_id', b'CP_1')] "}
{"timestamp": "2024-06-13T14:19:16.675515", "level": "INFO", "message": "KFH: Publishing message msg_headers: [('charge_point_id', 'CP_1')] msg_value: <Call - unique_id=d3882a83-ffe8-49d8-827e-9d5500d9ad22, action=Heartbeat, payload={}>"}
{"timestamp": "2024-06-13T14:19:16.684631", "level": "INFO", "message": "KFH: Message delivered to CSMS. msg_value: b'[2,\"d3882a83-ffe8-49d8-827e-9d5500d9ad22\",\"Heartbeat\",{}]'"}
{"timestamp": "2024-06-13T14:19:17.677185", "level": "INFO", "message": "KFH:  Message consumed. topic: messages_out msg_value: <CallResult - unique_id=d3882a83-ffe8-49d8-827e-9d5500d9ad22, action=None, payload={'currentTime': '2024-06-13T16:19:16.776656'}> msg_headers: [('charge_point_id', b'CP_1')] "}
{"timestamp": "2024-06-13T14:19:27.683302", "level": "INFO", "message": "KFH: Publishing message msg_headers: [('charge_point_id', 'CP_1')] msg_value: <Call - unique_id=4ae43d38-e2c2-4de8-8b95-2496f980efaa, action=Heartbeat, payload={}>"}
{"timestamp": "2024-06-13T14:19:27.692610", "level": "INFO", "message": "KFH: Message delivered to CSMS. msg_value: b'[2,\"4ae43d38-e2c2-4de8-8b95-2496f980efaa\",\"Heartbeat\",{}]'"}
{"timestamp": "2024-06-13T14:19:27.695445", "level": "INFO", "message": "KFH:  Message consumed. topic: messages_out msg_value: <CallResult - unique_id=4ae43d38-e2c2-4de8-8b95-2496f980efaa, action=None, payload={'currentTime': '2024-06-13T16:19:27.692458'}> msg_headers: [('charge_point_id', b'CP_1')] "}
{"timestamp": "2024-06-13T14:19:37.699463", "level": "INFO", "message": "KFH: Publishing message msg_headers: [('charge_point_id', 'CP_1')] msg_value: <Call - unique_id=0bf14951-2938-425f-8e9b-dada97410954, action=Heartbeat, payload={}>"}
{"timestamp": "2024-06-13T14:19:37.708886", "level": "INFO", "message": "KFH: Message delivered to CSMS. msg_value: b'[2,\"0bf14951-2938-425f-8e9b-dada97410954\",\"Heartbeat\",{}]'"}
{"timestamp": "2024-06-13T14:19:37.711135", "level": "INFO", "message": "KFH:  Message consumed. topic: messages_out msg_value: <CallResult - unique_id=0bf14951-2938-425f-8e9b-dada97410954, action=None, payload={'currentTime': '2024-06-13T16:19:37.708593'}> msg_headers: [('charge_point_id', b'CP_1')] "}
{"timestamp": "2024-06-13T14:19:48.720114", "level": "INFO", "message": "KFH: Publishing message msg_headers: [('charge_point_id', 'CP_1')] msg_value: <Call - unique_id=094e0414-ef2e-4777-9f47-a78b3edc8101, action=Heartbeat, payload={}>"}
{"timestamp": "2024-06-13T14:19:48.730705", "level": "INFO", "message": "KFH: Message delivered to CSMS. msg_value: b'[2,\"094e0414-ef2e-4777-9f47-a78b3edc8101\",\"Heartbeat\",{}]'"}
{"timestamp": "2024-06-13T14:19:49.721446", "level": "INFO", "message": "KFH:  Message consumed. topic: messages_out msg_value: <CallResult - unique_id=094e0414-ef2e-4777-9f47-a78b3edc8101, action=None, payload={'currentTime': '2024-06-13T16:19:48.730972'}> msg_headers: [('charge_point_id', b'CP_1')] "}
{"timestamp": "2024-06-13T14:20:00.733335", "level": "INFO", "message": "KFH: Publishing message msg_headers: [('charge_point_id', 'CP_1')] msg_value: <Call - unique_id=6b5fe905-b13c-419e-a181-157171fbd5be, action=Heartbeat, payload={}>"}
{"timestamp": "2024-06-13T14:20:00.743185", "level": "INFO", "message": "KFH: Message delivered to CSMS. msg_value: b'[2,\"6b5fe905-b13c-419e-a181-157171fbd5be\",\"Heartbeat\",{}]'"}
{"timestamp": "2024-06-13T14:20:01.734781", "level": "INFO", "message": "KFH:  Message consumed. topic: messages_out msg_value: <CallResult - unique_id=6b5fe905-b13c-419e-a181-157171fbd5be, action=None, payload={'currentTime': '2024-06-13T16:20:00.742726'}> msg_headers: [('charge_point_id', b'CP_1')] "}
{"timestamp": "2024-06-13T14:20:12.746756", "level": "INFO", "message": "KFH: Publishing message msg_headers: [('charge_point_id', 'CP_1')] msg_value: <Call - unique_id=ab69f107-d541-40ef-9576-b7a5ae8235d3, action=Heartbeat, payload={}>"}
{"timestamp": "2024-06-13T14:20:12.763252", "level": "INFO", "message": "KFH: Message delivered to CSMS. msg_value: b'[2,\"ab69f107-d541-40ef-9576-b7a5ae8235d3\",\"Heartbeat\",{}]'"}
{"timestamp": "2024-06-13T14:20:13.747923", "level": "INFO", "message": "KFH:  Message consumed. topic: messages_out msg_value: <CallResult - unique_id=ab69f107-d541-40ef-9576-b7a5ae8235d3, action=None, payload={'currentTime': '2024-06-13T16:20:12.854330'}> msg_headers: [('charge_point_id', b'CP_1')] "}
{"timestamp": "2024-06-13T14:20:23.753762", "level": "INFO", "message": "KFH: Publishing message msg_headers: [('charge_point_id', 'CP_1')] msg_value: <Call - unique_id=e5671832-9372-41a7-8029-146c8e741a29, action=Heartbeat, payload={}>"}
{"timestamp": "2024-06-13T14:20:23.765751", "level": "INFO", "message": "KFH: Message delivered to CSMS. msg_value: b'[2,\"e5671832-9372-41a7-8029-146c8e741a29\",\"Heartbeat\",{}]'"}
{"timestamp": "2024-06-13T14:20:23.767478", "level": "INFO", "message": "KFH:  Message consumed. topic: messages_out msg_value: <CallResult - unique_id=e5671832-9372-41a7-8029-146c8e741a29, action=None, payload={'currentTime': '2024-06-13T16:20:23.765547'}> msg_headers: [('charge_point_id', b'CP_1')] "}
{"timestamp": "2024-06-13T14:20:34.776754", "level": "INFO", "message": "KFH: Publishing message msg_headers: [('charge_point_id', 'CP_1')] msg_value: <Call - unique_id=7334dbe6-7ae2-4e59-b45f-98413b4ba7cf, action=Heartbeat, payload={}>"}
{"timestamp": "2024-06-13T14:20:34.786896", "level": "INFO", "message": "KFH: Message delivered to CSMS. msg_value: b'[2,\"7334dbe6-7ae2-4e59-b45f-98413b4ba7cf\",\"Heartbeat\",{}]'"}
{"timestamp": "2024-06-13T14:21:03.785389", "level": "INFO", "message": "WSH: Client disconnected. charge_point_id: CP_1"}
{"timestamp": "2024-06-13T14:23:44.934551", "level": "INFO", "message": "WSH: Connection Request. charge_point_id: CP_1"}
{"timestamp": "2024-06-13T14:23:44.938347", "level": "INFO", "message": "KFH: Publishing message msg_headers: [('charge_point_id', 'CP_1')] msg_value: <Call - unique_id=41020089-eefc-4e4b-8f1f-ba91c1e77e2b, action=BootNotification, payload={'chargingStation': {'model': 'Wallbox XYZ', 'vendorName': 'anewone'}, 'reason': 'PowerUp'}>"}
{"timestamp": "2024-06-13T14:23:44.946505", "level": "INFO", "message": "KFH: Message delivered to CSMS. msg_value: b'[2,\"41020089-eefc-4e4b-8f1f-ba91c1e77e2b\",\"BootNotification\",{\"chargingStation\":{\"model\":\"Wallbox XYZ\",\"vendorName\":\"anewone\"},\"reason\":\"PowerUp\"}]'"}
{"timestamp": "2024-06-13T14:23:49.937891", "level": "INFO", "message": "KFH:  Message consumed. topic: messages_out msg_value: <CallResult - unique_id=7334dbe6-7ae2-4e59-b45f-98413b4ba7cf, action=None, payload={'currentTime': '2024-06-13T16:23:48.395647'}> msg_headers: [('charge_point_id', b'CP_1')] "}
{"timestamp": "2024-06-13T14:23:49.938465", "level": "INFO", "message": "KFH:  Message consumed. topic: messages_out msg_value: <CallResult - unique_id=41020089-eefc-4e4b-8f1f-ba91c1e77e2b, action=None, payload={'currentTime': '2024-06-13T16:23:49.354934', 'interval': 10, 'status': 'Accepted'}> msg_headers: [('charge_point_id', b'CP_1')] "}
{"timestamp": "2024-06-13T14:23:50.939259", "level": "INFO", "message": "KFH: Publishing message msg_headers: [('charge_point_id', 'CP_1')] msg_value: <Call - unique_id=d0f4bd11-b82c-4d02-90ae-819255b8aa58, action=Heartbeat, payload={}>"}
{"timestamp": "2024-06-13T14:23:50.949075", "level": "INFO", "message": "KFH: Message delivered to CSMS. msg_value: b'[2,\"d0f4bd11-b82c-4d02-90ae-819255b8aa58\",\"Heartbeat\",{}]'"}
{"timestamp": "2024-06-13T14:23:51.940888", "level": "INFO", "message": "KFH:  Message consumed. topic: messages_out msg_value: <CallResult - unique_id=d0f4bd11-b82c-4d02-90ae-819255b8aa58, action=None, payload={'currentTime': '2024-06-13T16:23:50.949399'}> msg_headers: [('charge_point_id', b'CP_1')] "}
{"timestamp": "2024-06-13T14:23:58.947246", "level": "INFO", "message": "WSH: Client disconnected. charge_point_id: CP_1"}
{"timestamp": "2024-06-13T14:24:38.981893", "level": "INFO", "message": "WSH: Connection Request. charge_point_id: CP_1"}
{"timestamp": "2024-06-13T14:24:38.985420", "level": "INFO", "message": "KFH: Publishing message msg_headers: [('charge_point_id', 'CP_1')] msg_value: <Call - unique_id=a3445c22-3cc7-4071-b548-03a407555cae, action=BootNotification, payload={'chargingStation': {'model': 'Wallbox XYZ', 'vendorName': 'anewone'}, 'reason': 'PowerUp'}>"}
{"timestamp": "2024-06-13T14:24:38.993169", "level": "INFO", "message": "KFH: Message delivered to CSMS. msg_value: b'[2,\"a3445c22-3cc7-4071-b548-03a407555cae\",\"BootNotification\",{\"chargingStation\":{\"model\":\"Wallbox XYZ\",\"vendorName\":\"anewone\"},\"reason\":\"PowerUp\"}]'"}
{"timestamp": "2024-06-13T14:24:46.096655", "level": "INFO", "message": "KFH:  Message consumed. topic: messages_out msg_value: <CallResult - unique_id=a3445c22-3cc7-4071-b548-03a407555cae, action=None, payload={'currentTime': '2024-06-13T16:24:45.424466', 'interval': 10, 'status': 'Accepted'}> msg_headers: [('charge_point_id', b'CP_1')] "}
{"timestamp": "2024-06-13T14:24:47.097975", "level": "INFO", "message": "KFH: Publishing message msg_headers: [('charge_point_id', 'CP_1')] msg_value: <Call - unique_id=0b08ea9c-7915-4f08-a438-b191593867d3, action=Heartbeat, payload={}>"}
{"timestamp": "2024-06-13T14:24:47.108879", "level": "INFO", "message": "KFH: Message delivered to CSMS. msg_value: b'[2,\"0b08ea9c-7915-4f08-a438-b191593867d3\",\"Heartbeat\",{}]'"}
{"timestamp": "2024-06-13T14:24:48.099543", "level": "INFO", "message": "KFH:  Message consumed. topic: messages_out msg_value: <CallResult - unique_id=0b08ea9c-7915-4f08-a438-b191593867d3, action=None, payload={'currentTime': '2024-06-13T16:24:47.198236'}> msg_headers: [('charge_point_id', b'CP_1')] "}
{"timestamp": "2024-06-13T14:24:59.110750", "level": "INFO", "message": "KFH: Publishing message msg_headers: [('charge_point_id', 'CP_1')] msg_value: <Call - unique_id=3f78e510-afaa-4f6c-8646-3b11073c72ce, action=Heartbeat, payload={}>"}
{"timestamp": "2024-06-13T14:24:59.122050", "level": "INFO", "message": "KFH: Message delivered to CSMS. msg_value: b'[2,\"3f78e510-afaa-4f6c-8646-3b11073c72ce\",\"Heartbeat\",{}]'"}
{"timestamp": "2024-06-13T14:25:00.112411", "level": "INFO", "message": "KFH:  Message consumed. topic: messages_out msg_value: <CallResult - unique_id=3f78e510-afaa-4f6c-8646-3b11073c72ce, action=None, payload={'currentTime': '2024-06-13T16:24:59.122053'}> msg_headers: [('charge_point_id', b'CP_1')] "}
{"timestamp": "2024-06-13T14:25:11.122439", "level": "INFO", "message": "KFH: Publishing message msg_headers: [('charge_point_id', 'CP_1')] msg_value: <Call - unique_id=c794dbfd-4e0e-4b25-9d95-9dc451f73408, action=Heartbeat, payload={}>"}
{"timestamp": "2024-06-13T14:25:11.132223", "level": "INFO", "message": "KFH: Message delivered to CSMS. msg_value: b'[2,\"c794dbfd-4e0e-4b25-9d95-9dc451f73408\",\"Heartbeat\",{}]'"}
{"timestamp": "2024-06-13T14:25:12.123939", "level": "INFO", "message": "KFH:  Message consumed. topic: messages_out msg_value: <CallResult - unique_id=c794dbfd-4e0e-4b25-9d95-9dc451f73408, action=None, payload={'currentTime': '2024-06-13T16:25:11.131924'}> msg_headers: [('charge_point_id', b'CP_1')] "}
{"timestamp": "2024-06-13T14:25:19.753056", "level": "INFO", "message": "WSH: Client disconnected. charge_point_id: CP_1"}
{"timestamp": "2024-06-13T14:29:01.395358", "level": "INFO", "message": "WSH: Connection Request. charge_point_id: CP_1"}
{"timestamp": "2024-06-13T14:29:01.396364", "level": "INFO", "message": "KFH: Publishing message msg_headers: [('charge_point_id', 'CP_1')] msg_value: <Call - unique_id=fe2fb29b-702e-4549-9c59-9a581e2f6d8c, action=BootNotification, payload={'chargingStation': {'model': 'Wallbox 123', 'vendorName': 'anewone'}, 'reason': 'PowerUp'}>"}
{"timestamp": "2024-06-13T14:29:01.402984", "level": "INFO", "message": "KFH: Message delivered to CSMS. msg_value: b'[2,\"fe2fb29b-702e-4549-9c59-9a581e2f6d8c\",\"BootNotification\",{\"chargingStation\":{\"model\":\"Wallbox 123\",\"vendorName\":\"anewone\"},\"reason\":\"PowerUp\"}]'"}
{"timestamp": "2024-06-13T14:29:10.921973", "level": "INFO", "message": "KFH:  Message consumed. topic: messages_out msg_value: <CallResult - unique_id=fe2fb29b-702e-4549-9c59-9a581e2f6d8c, action=None, payload={'currentTime': '2024-06-13T16:29:09.929053', 'interval': 10, 'status': 'Accepted'}> msg_headers: [('charge_point_id', b'CP_1')] "}
{"timestamp": "2024-06-13T14:29:11.922993", "level": "INFO", "message": "KFH: Publishing message msg_headers: [('charge_point_id', 'CP_1')] msg_value: <Call - unique_id=c39b6cad-f728-4d0d-9249-7f99a8ace2b7, action=Heartbeat, payload={}>"}
{"timestamp": "2024-06-13T14:29:11.931597", "level": "INFO", "message": "KFH: Message delivered to CSMS. msg_value: b'[2,\"c39b6cad-f728-4d0d-9249-7f99a8ace2b7\",\"Heartbeat\",{}]'"}
{"timestamp": "2024-06-13T14:29:12.924056", "level": "INFO", "message": "KFH:  Message consumed. topic: messages_out msg_value: <CallResult - unique_id=c39b6cad-f728-4d0d-9249-7f99a8ace2b7, action=None, payload={'currentTime': '2024-06-13T16:29:12.024952'}> msg_headers: [('charge_point_id', b'CP_1')] "}
{"timestamp": "2024-06-13T14:29:22.929495", "level": "INFO", "message": "KFH: Publishing message msg_headers: [('charge_point_id', 'CP_1')] msg_value: <Call - unique_id=5983de95-f9a9-4763-8984-80f8af69b6e1, action=Heartbeat, payload={}>"}
{"timestamp": "2024-06-13T14:29:22.939045", "level": "INFO", "message": "KFH: Message delivered to CSMS. msg_value: b'[2,\"5983de95-f9a9-4763-8984-80f8af69b6e1\",\"Heartbeat\",{}]'"}
{"timestamp": "2024-06-13T14:29:23.044755", "level": "INFO", "message": "KFH:  Message consumed. topic: messages_out msg_value: <CallResult - unique_id=5983de95-f9a9-4763-8984-80f8af69b6e1, action=None, payload={'currentTime': '2024-06-13T16:29:23.038546'}> msg_headers: [('charge_point_id', b'CP_1')] "}
{"timestamp": "2024-06-13T14:29:34.054114", "level": "INFO", "message": "KFH: Publishing message msg_headers: [('charge_point_id', 'CP_1')] msg_value: <Call - unique_id=e6e3f975-85b0-4c1c-b857-fb87f685df30, action=Heartbeat, payload={}>"}
{"timestamp": "2024-06-13T14:29:34.065397", "level": "INFO", "message": "KFH: Message delivered to CSMS. msg_value: b'[2,\"e6e3f975-85b0-4c1c-b857-fb87f685df30\",\"Heartbeat\",{}]'"}
{"timestamp": "2024-06-13T14:29:35.055035", "level": "INFO", "message": "KFH:  Message consumed. topic: messages_out msg_value: <CallResult - unique_id=e6e3f975-85b0-4c1c-b857-fb87f685df30, action=None, payload={'currentTime': '2024-06-13T16:29:34.064689'}> msg_headers: [('charge_point_id', b'CP_1')] "}
{"timestamp": "2024-06-13T14:29:45.062624", "level": "INFO", "message": "KFH: Publishing message msg_headers: [('charge_point_id', 'CP_1')] msg_value: <Call - unique_id=42722107-6ec0-41a5-a342-9373d99c2a91, action=Heartbeat, payload={}>"}
{"timestamp": "2024-06-13T14:29:45.074379", "level": "INFO", "message": "KFH: Message delivered to CSMS. msg_value: b'[2,\"42722107-6ec0-41a5-a342-9373d99c2a91\",\"Heartbeat\",{}]'"}
{"timestamp": "2024-06-13T14:29:51.057743", "level": "INFO", "message": "WSH: Client disconnected. charge_point_id: CP_1"}
{"timestamp": "2024-06-13T14:30:29.115706", "level": "INFO", "message": "KFH:  Message consumed. topic: messages_out msg_value: <CallResult - unique_id=42722107-6ec0-41a5-a342-9373d99c2a91, action=None, payload={'currentTime': '2024-06-13T16:30:27.972418'}> msg_headers: [('charge_point_id', b'CP_1')] "}
{"timestamp": "2024-06-13T14:30:34.855449", "level": "INFO", "message": "WSH: Connection Request. charge_point_id: CP_1"}
{"timestamp": "2024-06-13T14:30:34.856538", "level": "INFO", "message": "KFH: Publishing message msg_headers: [('charge_point_id', 'CP_1')] msg_value: <Call - unique_id=4ec75175-6d02-4009-a9eb-c4d54a8adddf, action=BootNotification, payload={'chargingStation': {'model': 'Wallbox 123', 'vendorName': 'anewone'}, 'reason': 'PowerUp'}>"}
{"timestamp": "2024-06-13T14:30:34.863609", "level": "INFO", "message": "KFH: Message delivered to CSMS. msg_value: b'[2,\"4ec75175-6d02-4009-a9eb-c4d54a8adddf\",\"BootNotification\",{\"chargingStation\":{\"model\":\"Wallbox 123\",\"vendorName\":\"anewone\"},\"reason\":\"PowerUp\"}]'"}
{"timestamp": "2024-06-13T14:30:35.120602", "level": "INFO", "message": "KFH:  Message consumed. topic: messages_out msg_value: <CallResult - unique_id=4ec75175-6d02-4009-a9eb-c4d54a8adddf, action=None, payload={'currentTime': '2024-06-13T16:30:34.863513', 'interval': 10, 'status': 'Accepted'}> msg_headers: [('charge_point_id', b'CP_1')] "}
{"timestamp": "2024-06-13T14:30:36.122348", "level": "INFO", "message": "KFH: Publishing message msg_headers: [('charge_point_id', 'CP_1')] msg_value: <Call - unique_id=7167bd85-9b85-43aa-9c00-94cf1387e1d7, action=Heartbeat, payload={}>"}
{"timestamp": "2024-06-13T14:30:36.133961", "level": "INFO", "message": "KFH: Message delivered to CSMS. msg_value: b'[2,\"7167bd85-9b85-43aa-9c00-94cf1387e1d7\",\"Heartbeat\",{}]'"}
{"timestamp": "2024-06-13T14:30:37.123681", "level": "INFO", "message": "KFH:  Message consumed. topic: messages_out msg_value: <CallResult - unique_id=7167bd85-9b85-43aa-9c00-94cf1387e1d7, action=None, payload={'currentTime': '2024-06-13T16:30:36.133935'}> msg_headers: [('charge_point_id', b'CP_1')] "}
{"timestamp": "2024-06-13T14:30:48.134256", "level": "INFO", "message": "KFH: Publishing message msg_headers: [('charge_point_id', 'CP_1')] msg_value: <Call - unique_id=3b248596-3e12-4358-a68e-a6bbc94744db, action=Heartbeat, payload={}>"}
{"timestamp": "2024-06-13T14:30:48.144789", "level": "INFO", "message": "KFH: Message delivered to CSMS. msg_value: b'[2,\"3b248596-3e12-4358-a68e-a6bbc94744db\",\"Heartbeat\",{}]'"}
{"timestamp": "2024-06-13T14:30:49.135522", "level": "INFO", "message": "KFH:  Message consumed. topic: messages_out msg_value: <CallResult - unique_id=3b248596-3e12-4358-a68e-a6bbc94744db, action=None, payload={'currentTime': '2024-06-13T16:30:48.144671'}> msg_headers: [('charge_point_id', b'CP_1')] "}
{"timestamp": "2024-06-13T14:30:58.218774", "level": "INFO", "message": "WSH: Client disconnected. charge_point_id: CP_1"}
{"timestamp": "2024-06-13T14:31:16.789744", "level": "INFO", "message": "WSH: Connection Request. charge_point_id: CP_1"}
{"timestamp": "2024-06-13T14:31:16.790621", "level": "INFO", "message": "KFH: Publishing message msg_headers: [('charge_point_id', 'CP_1')] msg_value: <Call - unique_id=3b1f1ecd-146b-4b9e-bf7d-3c3672e07d00, action=BootNotification, payload={'chargingStation': {'model': 'Wallbox 123', 'vendorName': 'anewone'}, 'reason': 'PowerUp'}>"}
{"timestamp": "2024-06-13T14:31:16.797652", "level": "INFO", "message": "KFH: Message delivered to CSMS. msg_value: b'[2,\"3b1f1ecd-146b-4b9e-bf7d-3c3672e07d00\",\"BootNotification\",{\"chargingStation\":{\"model\":\"Wallbox 123\",\"vendorName\":\"anewone\"},\"reason\":\"PowerUp\"}]'"}
{"timestamp": "2024-06-13T14:31:17.159327", "level": "INFO", "message": "KFH:  Message consumed. topic: messages_out msg_value: <CallResult - unique_id=3b1f1ecd-146b-4b9e-bf7d-3c3672e07d00, action=None, payload={'currentTime': '2024-06-13T16:31:16.797384', 'interval': 10, 'status': 'Accepted'}> msg_headers: [('charge_point_id', b'CP_1')] "}
{"timestamp": "2024-06-13T14:31:18.160178", "level": "INFO", "message": "KFH: Publishing message msg_headers: [('charge_point_id', 'CP_1')] msg_value: <Call - unique_id=5f86d1d0-a37a-4906-ae85-1a651dbf3796, action=Heartbeat, payload={}>"}
{"timestamp": "2024-06-13T14:31:18.169068", "level": "INFO", "message": "KFH: Message delivered to CSMS. msg_value: b'[2,\"5f86d1d0-a37a-4906-ae85-1a651dbf3796\",\"Heartbeat\",{}]'"}
{"timestamp": "2024-06-13T14:31:19.161783", "level": "INFO", "message": "KFH:  Message consumed. topic: messages_out msg_value: <CallResult - unique_id=5f86d1d0-a37a-4906-ae85-1a651dbf3796, action=None, payload={'currentTime': '2024-06-13T16:31:18.169178'}> msg_headers: [('charge_point_id', b'CP_1')] "}
{"timestamp": "2024-06-13T14:31:30.172553", "level": "INFO", "message": "KFH: Publishing message msg_headers: [('charge_point_id', 'CP_1')] msg_value: <Call - unique_id=70114eb5-c7f3-4e97-a73e-197d97057f0c, action=Heartbeat, payload={}>"}
{"timestamp": "2024-06-13T14:31:30.183545", "level": "INFO", "message": "KFH: Message delivered to CSMS. msg_value: b'[2,\"70114eb5-c7f3-4e97-a73e-197d97057f0c\",\"Heartbeat\",{}]'"}
{"timestamp": "2024-06-13T14:31:31.173731", "level": "INFO", "message": "KFH:  Message consumed. topic: messages_out msg_value: <CallResult - unique_id=70114eb5-c7f3-4e97-a73e-197d97057f0c, action=None, payload={'currentTime': '2024-06-13T16:31:30.282217'}> msg_headers: [('charge_point_id', b'CP_1')] "}
{"timestamp": "2024-06-13T14:31:42.182721", "level": "INFO", "message": "KFH: Publishing message msg_headers: [('charge_point_id', 'CP_1')] msg_value: <Call - unique_id=248b240e-f764-4e44-a7ff-86d5b8345dbe, action=Heartbeat, payload={}>"}
{"timestamp": "2024-06-13T14:31:42.192612", "level": "INFO", "message": "KFH: Message delivered to CSMS. msg_value: b'[2,\"248b240e-f764-4e44-a7ff-86d5b8345dbe\",\"Heartbeat\",{}]'"}
{"timestamp": "2024-06-13T14:32:11.200509", "level": "INFO", "message": "KFH: Publishing message msg_headers: [('charge_point_id', 'CP_1')] msg_value: <Call - unique_id=739d0a2c-0398-460b-afe3-0c7788f1cd4d, action=Heartbeat, payload={}>"}
{"timestamp": "2024-06-13T14:32:11.211159", "level": "INFO", "message": "KFH: Message delivered to CSMS. msg_value: b'[2,\"739d0a2c-0398-460b-afe3-0c7788f1cd4d\",\"Heartbeat\",{}]'"}
{"timestamp": "2024-06-13T14:32:35.020006", "level": "INFO", "message": "WSH: Client disconnected. charge_point_id: CP_1"}
{"timestamp": "2024-06-13T14:32:37.236801", "level": "INFO", "message": "KFH:  Message consumed. topic: messages_out msg_value: <CallResult - unique_id=739d0a2c-0398-460b-afe3-0c7788f1cd4d, action=None, payload={'currentTime': '2024-06-13T16:32:35.261152'}> msg_headers: [('charge_point_id', b'CP_1')] "}
{"timestamp": "2024-06-13T14:32:37.237417", "level": "INFO", "message": "KFH:  Message consumed. topic: messages_out msg_value: <CallResult - unique_id=248b240e-f764-4e44-a7ff-86d5b8345dbe, action=None, payload={'currentTime': '2024-06-13T16:32:36.254550'}> msg_headers: [('charge_point_id', b'CP_1')] "}
{"timestamp": "2024-06-13T14:32:38.239992", "level": "INFO", "message": "WSH: Connection Request. charge_point_id: CP_1"}
{"timestamp": "2024-06-13T14:32:38.244544", "level": "INFO", "message": "KFH: Publishing message msg_headers: [('charge_point_id', 'CP_1')] msg_value: <Call - unique_id=bf897542-3aeb-4720-8c63-5446f5378fa8, action=BootNotification, payload={'chargingStation': {'model': 'Wallbox 123', 'vendorName': 'anewone'}, 'reason': 'PowerUp'}>"}
{"timestamp": "2024-06-13T14:32:38.253236", "level": "INFO", "message": "KFH: Message delivered to CSMS. msg_value: b'[2,\"bf897542-3aeb-4720-8c63-5446f5378fa8\",\"BootNotification\",{\"chargingStation\":{\"model\":\"Wallbox 123\",\"vendorName\":\"anewone\"},\"reason\":\"PowerUp\"}]'"}
{"timestamp": "2024-06-13T14:32:39.239569", "level": "INFO", "message": "KFH:  Message consumed. topic: messages_out msg_value: <CallResult - unique_id=bf897542-3aeb-4720-8c63-5446f5378fa8, action=None, payload={'currentTime': '2024-06-13T16:32:38.252744', 'interval': 10, 'status': 'Accepted'}> msg_headers: [('charge_point_id', b'CP_1')] "}
{"timestamp": "2024-06-13T14:32:40.241136", "level": "INFO", "message": "KFH: Publishing message msg_headers: [('charge_point_id', 'CP_1')] msg_value: <Call - unique_id=80a483ff-1b2a-4b6a-9782-becba011938b, action=Heartbeat, payload={}>"}
{"timestamp": "2024-06-13T14:32:40.249429", "level": "INFO", "message": "KFH: Message delivered to CSMS. msg_value: b'[2,\"80a483ff-1b2a-4b6a-9782-becba011938b\",\"Heartbeat\",{}]'"}
{"timestamp": "2024-06-13T14:32:41.243098", "level": "INFO", "message": "KFH:  Message consumed. topic: messages_out msg_value: <CallResult - unique_id=80a483ff-1b2a-4b6a-9782-becba011938b, action=None, payload={'currentTime': '2024-06-13T16:32:40.249175'}> msg_headers: [('charge_point_id', b'CP_1')] "}
{"timestamp": "2024-06-13T14:32:51.250347", "level": "INFO", "message": "KFH: Publishing message msg_headers: [('charge_point_id', 'CP_1')] msg_value: <Call - unique_id=4f808d3b-85d0-44aa-9451-55cbb84b6592, action=Heartbeat, payload={}>"}
{"timestamp": "2024-06-13T14:32:51.259699", "level": "INFO", "message": "KFH: Message delivered to CSMS. msg_value: b'[2,\"4f808d3b-85d0-44aa-9451-55cbb84b6592\",\"Heartbeat\",{}]'"}
{"timestamp": "2024-06-13T14:32:51.262185", "level": "INFO", "message": "KFH:  Message consumed. topic: messages_out msg_value: <CallResult - unique_id=4f808d3b-85d0-44aa-9451-55cbb84b6592, action=None, payload={'currentTime': '2024-06-13T16:32:51.259517'}> msg_headers: [('charge_point_id', b'CP_1')] "}
{"timestamp": "2024-06-13T14:33:01.268655", "level": "INFO", "message": "KFH: Publishing message msg_headers: [('charge_point_id', 'CP_1')] msg_value: <Call - unique_id=cd86a17b-9e14-4d08-b180-9d7144b435aa, action=Heartbeat, payload={}>"}
{"timestamp": "2024-06-13T14:33:01.278901", "level": "INFO", "message": "KFH: Message delivered to CSMS. msg_value: b'[2,\"cd86a17b-9e14-4d08-b180-9d7144b435aa\",\"Heartbeat\",{}]'"}
{"timestamp": "2024-06-13T14:33:01.280377", "level": "INFO", "message": "KFH:  Message consumed. topic: messages_out msg_value: <CallResult - unique_id=cd86a17b-9e14-4d08-b180-9d7144b435aa, action=None, payload={'currentTime': '2024-06-13T16:33:01.278382'}> msg_headers: [('charge_point_id', b'CP_1')] "}
{"timestamp": "2024-06-13T14:33:12.290918", "level": "INFO", "message": "KFH: Publishing message msg_headers: [('charge_point_id', 'CP_1')] msg_value: <Call - unique_id=f8563b30-5e75-4ce5-b4da-a00523f95d07, action=Heartbeat, payload={}>"}
{"timestamp": "2024-06-13T14:33:12.302276", "level": "INFO", "message": "KFH: Message delivered to CSMS. msg_value: b'[2,\"f8563b30-5e75-4ce5-b4da-a00523f95d07\",\"Heartbeat\",{}]'"}
{"timestamp": "2024-06-13T14:33:13.293017", "level": "INFO", "message": "KFH:  Message consumed. topic: messages_out msg_value: <CallResult - unique_id=f8563b30-5e75-4ce5-b4da-a00523f95d07, action=None, payload={'currentTime': '2024-06-13T16:33:12.302500'}> msg_headers: [('charge_point_id', b'CP_1')] "}
{"timestamp": "2024-06-13T14:33:23.301585", "level": "INFO", "message": "KFH: Publishing message msg_headers: [('charge_point_id', 'CP_1')] msg_value: <Call - unique_id=5a4082bf-0913-4fdf-a7d0-f33effabd14c, action=Heartbeat, payload={}>"}
{"timestamp": "2024-06-13T14:33:23.312133", "level": "INFO", "message": "KFH: Message delivered to CSMS. msg_value: b'[2,\"5a4082bf-0913-4fdf-a7d0-f33effabd14c\",\"Heartbeat\",{}]'"}
{"timestamp": "2024-06-13T14:33:23.315272", "level": "INFO", "message": "KFH:  Message consumed. topic: messages_out msg_value: <CallResult - unique_id=5a4082bf-0913-4fdf-a7d0-f33effabd14c, action=None, payload={'currentTime': '2024-06-13T16:33:23.313489'}> msg_headers: [('charge_point_id', b'CP_1')] "}
{"timestamp": "2024-06-13T14:33:34.323863", "level": "INFO", "message": "KFH: Publishing message msg_headers: [('charge_point_id', 'CP_1')] msg_value: <Call - unique_id=a577c979-891f-4786-a351-51ac18c6af97, action=Heartbeat, payload={}>"}
{"timestamp": "2024-06-13T14:33:34.331068", "level": "INFO", "message": "KFH: Message delivered to CSMS. msg_value: b'[2,\"a577c979-891f-4786-a351-51ac18c6af97\",\"Heartbeat\",{}]'"}
{"timestamp": "2024-06-13T14:33:35.325391", "level": "INFO", "message": "KFH:  Message consumed. topic: messages_out msg_value: <CallResult - unique_id=a577c979-891f-4786-a351-51ac18c6af97, action=None, payload={'currentTime': '2024-06-13T16:33:34.331134'}> msg_headers: [('charge_point_id', b'CP_1')] "}
{"timestamp": "2024-06-13T14:33:40.409920", "level": "INFO", "message": "WSH: Client disconnected. charge_point_id: CP_1"}
{"timestamp": "2024-06-13T14:36:18.903862", "level": "INFO", "message": "OCPP GW application started..."}
{"timestamp": "2024-06-13T14:36:18.906226", "level": "INFO", "message": "KFH: Kafka consumer and producer initialized. servers: kafka01:29192,kafka02:29292,kafka03:29392)"}
{"timestamp": "2024-06-13T14:36:18.906618", "level": "INFO", "message": "WSH: WebSocket server initialized. host: 0.0.0.0 port: 9000"}
{"timestamp": "2024-06-13T14:36:21.911106", "level": "INFO", "message": "WSH: Connection Request. charge_point_id: CP_1"}
{"timestamp": "2024-06-13T14:36:21.914450", "level": "INFO", "message": "KFH: Publishing message msg_headers: [('charge_point_id', 'CP_1')] msg_value: <Call - unique_id=a10dcd3f-28eb-4d77-af3b-4a8f4fb880ad, action=BootNotification, payload={'chargingStation': {'model': 'Wallbox 123', 'vendorName': 'anewone'}, 'reason': 'PowerUp'}>"}
{"timestamp": "2024-06-13T14:36:22.916018", "level": "INFO", "message": "KFH: Message delivered to CSMS. msg_value: b'[2,\"a10dcd3f-28eb-4d77-af3b-4a8f4fb880ad\",\"BootNotification\",{\"chargingStation\":{\"model\":\"Wallbox 123\",\"vendorName\":\"anewone\"},\"reason\":\"PowerUp\"}]'"}
{"timestamp": "2024-06-13T14:36:41.491215", "level": "INFO", "message": "KFH:  Message consumed. topic: messages_out msg_value: <CallResult - unique_id=a10dcd3f-28eb-4d77-af3b-4a8f4fb880ad, action=None, payload={'currentTime': '2024-06-13T16:36:40.497737', 'interval': 10, 'status': 'Accepted'}> msg_headers: [('charge_point_id', b'CP_1')] "}
{"timestamp": "2024-06-13T14:36:42.492640", "level": "INFO", "message": "KFH: Publishing message msg_headers: [('charge_point_id', 'CP_1')] msg_value: <Call - unique_id=c7943302-23a8-44be-a2f4-f9ab922161be, action=Heartbeat, payload={}>"}
{"timestamp": "2024-06-13T14:36:42.501259", "level": "INFO", "message": "KFH: Message delivered to CSMS. msg_value: b'[2,\"c7943302-23a8-44be-a2f4-f9ab922161be\",\"Heartbeat\",{}]'"}
{"timestamp": "2024-06-13T14:36:43.494102", "level": "INFO", "message": "KFH:  Message consumed. topic: messages_out msg_value: <CallResult - unique_id=c7943302-23a8-44be-a2f4-f9ab922161be, action=None, payload={'currentTime': '2024-06-13T16:36:42.593957'}> msg_headers: [('charge_point_id', b'CP_1')] "}
{"timestamp": "2024-06-13T14:36:54.504252", "level": "INFO", "message": "KFH: Publishing message msg_headers: [('charge_point_id', 'CP_1')] msg_value: <Call - unique_id=194d2cac-77a6-4244-9230-3aab92f4df10, action=Heartbeat, payload={}>"}
{"timestamp": "2024-06-13T14:36:54.513376", "level": "INFO", "message": "KFH: Message delivered to CSMS. msg_value: b'[2,\"194d2cac-77a6-4244-9230-3aab92f4df10\",\"Heartbeat\",{}]'"}
{"timestamp": "2024-06-13T14:36:55.505771", "level": "INFO", "message": "KFH:  Message consumed. topic: messages_out msg_value: <CallResult - unique_id=194d2cac-77a6-4244-9230-3aab92f4df10, action=None, payload={'currentTime': '2024-06-13T16:36:54.513081'}> msg_headers: [('charge_point_id', b'CP_1')] "}
{"timestamp": "2024-06-13T14:37:05.512804", "level": "INFO", "message": "KFH: Publishing message msg_headers: [('charge_point_id', 'CP_1')] msg_value: <Call - unique_id=bbaef608-81f2-466b-9502-cf0ee40c9711, action=Heartbeat, payload={}>"}
{"timestamp": "2024-06-13T14:37:05.522460", "level": "INFO", "message": "KFH: Message delivered to CSMS. msg_value: b'[2,\"bbaef608-81f2-466b-9502-cf0ee40c9711\",\"Heartbeat\",{}]'"}
{"timestamp": "2024-06-13T14:37:05.527326", "level": "INFO", "message": "KFH:  Message consumed. topic: messages_out msg_value: <CallResult - unique_id=bbaef608-81f2-466b-9502-cf0ee40c9711, action=None, payload={'currentTime': '2024-06-13T16:37:05.523118'}> msg_headers: [('charge_point_id', b'CP_1')] "}
{"timestamp": "2024-06-13T14:37:16.536208", "level": "INFO", "message": "KFH: Publishing message msg_headers: [('charge_point_id', 'CP_1')] msg_value: <Call - unique_id=7b99313c-04be-417b-86d9-3562a4dc6ecc, action=Heartbeat, payload={}>"}
{"timestamp": "2024-06-13T14:37:16.547260", "level": "INFO", "message": "KFH: Message delivered to CSMS. msg_value: b'[2,\"7b99313c-04be-417b-86d9-3562a4dc6ecc\",\"Heartbeat\",{}]'"}
{"timestamp": "2024-06-13T14:37:17.538065", "level": "INFO", "message": "KFH:  Message consumed. topic: messages_out msg_value: <CallResult - unique_id=7b99313c-04be-417b-86d9-3562a4dc6ecc, action=None, payload={'currentTime': '2024-06-13T16:37:16.546611'}> msg_headers: [('charge_point_id', b'CP_1')] "}
{"timestamp": "2024-06-13T14:37:27.543149", "level": "INFO", "message": "KFH: Publishing message msg_headers: [('charge_point_id', 'CP_1')] msg_value: <Call - unique_id=f832505f-0983-4b0e-a8b7-0f07d11d9476, action=Heartbeat, payload={}>"}
{"timestamp": "2024-06-13T14:37:27.551076", "level": "INFO", "message": "KFH: Message delivered to CSMS. msg_value: b'[2,\"f832505f-0983-4b0e-a8b7-0f07d11d9476\",\"Heartbeat\",{}]'"}
{"timestamp": "2024-06-13T14:37:27.559059", "level": "INFO", "message": "KFH:  Message consumed. topic: messages_out msg_value: <CallResult - unique_id=f832505f-0983-4b0e-a8b7-0f07d11d9476, action=None, payload={'currentTime': '2024-06-13T16:37:27.555725'}> msg_headers: [('charge_point_id', b'CP_1')] "}
{"timestamp": "2024-06-13T14:37:38.567641", "level": "INFO", "message": "KFH: Publishing message msg_headers: [('charge_point_id', 'CP_1')] msg_value: <Call - unique_id=e4c53305-8362-4bca-8f25-86edad0e5dcf, action=Heartbeat, payload={}>"}
{"timestamp": "2024-06-13T14:37:38.577590", "level": "INFO", "message": "KFH: Message delivered to CSMS. msg_value: b'[2,\"e4c53305-8362-4bca-8f25-86edad0e5dcf\",\"Heartbeat\",{}]'"}
{"timestamp": "2024-06-13T14:37:39.569282", "level": "INFO", "message": "KFH:  Message consumed. topic: messages_out msg_value: <CallResult - unique_id=e4c53305-8362-4bca-8f25-86edad0e5dcf, action=None, payload={'currentTime': '2024-06-13T16:37:38.577244'}> msg_headers: [('charge_point_id', b'CP_1')] "}
{"timestamp": "2024-06-13T14:37:50.577813", "level": "INFO", "message": "KFH: Publishing message msg_headers: [('charge_point_id', 'CP_1')] msg_value: <Call - unique_id=17347d3f-bdbb-4e2a-8548-aa80af699494, action=Heartbeat, payload={}>"}
{"timestamp": "2024-06-13T14:37:50.586797", "level": "INFO", "message": "KFH: Message delivered to CSMS. msg_value: b'[2,\"17347d3f-bdbb-4e2a-8548-aa80af699494\",\"Heartbeat\",{}]'"}
{"timestamp": "2024-06-13T14:37:51.579375", "level": "INFO", "message": "KFH:  Message consumed. topic: messages_out msg_value: <CallResult - unique_id=17347d3f-bdbb-4e2a-8548-aa80af699494, action=None, payload={'currentTime': '2024-06-13T16:37:50.687867'}> msg_headers: [('charge_point_id', b'CP_1')] "}
{"timestamp": "2024-06-13T14:38:01.585139", "level": "INFO", "message": "KFH: Publishing message msg_headers: [('charge_point_id', 'CP_1')] msg_value: <Call - unique_id=44a05bf3-5aa1-468a-8ad8-c8f1493be882, action=Heartbeat, payload={}>"}
{"timestamp": "2024-06-13T14:38:01.592932", "level": "INFO", "message": "KFH: Message delivered to CSMS. msg_value: b'[2,\"44a05bf3-5aa1-468a-8ad8-c8f1493be882\",\"Heartbeat\",{}]'"}
{"timestamp": "2024-06-13T14:38:01.594249", "level": "INFO", "message": "KFH:  Message consumed. topic: messages_out msg_value: <CallResult - unique_id=44a05bf3-5aa1-468a-8ad8-c8f1493be882, action=None, payload={'currentTime': '2024-06-13T16:38:01.592563'}> msg_headers: [('charge_point_id', b'CP_1')] "}
{"timestamp": "2024-06-13T14:38:12.603823", "level": "INFO", "message": "KFH: Publishing message msg_headers: [('charge_point_id', 'CP_1')] msg_value: <Call - unique_id=de1e38c0-3c1b-447e-aafe-83318dffa012, action=Heartbeat, payload={}>"}
{"timestamp": "2024-06-13T14:38:12.614140", "level": "INFO", "message": "KFH: Message delivered to CSMS. msg_value: b'[2,\"de1e38c0-3c1b-447e-aafe-83318dffa012\",\"Heartbeat\",{}]'"}
{"timestamp": "2024-06-13T14:38:13.604890", "level": "INFO", "message": "KFH:  Message consumed. topic: messages_out msg_value: <CallResult - unique_id=de1e38c0-3c1b-447e-aafe-83318dffa012, action=None, payload={'currentTime': '2024-06-13T16:38:12.613676'}> msg_headers: [('charge_point_id', b'CP_1')] "}
{"timestamp": "2024-06-13T14:38:23.610858", "level": "INFO", "message": "KFH: Publishing message msg_headers: [('charge_point_id', 'CP_1')] msg_value: <Call - unique_id=0b19a310-1ef6-4e77-9a80-8d9d1520329f, action=Heartbeat, payload={}>"}
{"timestamp": "2024-06-13T14:38:23.618751", "level": "INFO", "message": "KFH: Message delivered to CSMS. msg_value: b'[2,\"0b19a310-1ef6-4e77-9a80-8d9d1520329f\",\"Heartbeat\",{}]'"}
{"timestamp": "2024-06-13T14:38:23.627413", "level": "INFO", "message": "KFH:  Message consumed. topic: messages_out msg_value: <CallResult - unique_id=0b19a310-1ef6-4e77-9a80-8d9d1520329f, action=None, payload={'currentTime': '2024-06-13T16:38:23.624950'}> msg_headers: [('charge_point_id', b'CP_1')] "}
{"timestamp": "2024-06-13T14:38:34.634433", "level": "INFO", "message": "KFH: Publishing message msg_headers: [('charge_point_id', 'CP_1')] msg_value: <Call - unique_id=19d815c1-6af3-4fde-9fb0-363a3b8c9cd3, action=Heartbeat, payload={}>"}
{"timestamp": "2024-06-13T14:38:34.644704", "level": "INFO", "message": "KFH: Message delivered to CSMS. msg_value: b'[2,\"19d815c1-6af3-4fde-9fb0-363a3b8c9cd3\",\"Heartbeat\",{}]'"}
{"timestamp": "2024-06-13T14:38:35.636195", "level": "INFO", "message": "KFH:  Message consumed. topic: messages_out msg_value: <CallResult - unique_id=19d815c1-6af3-4fde-9fb0-363a3b8c9cd3, action=None, payload={'currentTime': '2024-06-13T16:38:34.644653'}> msg_headers: [('charge_point_id', b'CP_1')] "}
{"timestamp": "2024-06-13T14:38:45.643523", "level": "INFO", "message": "KFH: Publishing message msg_headers: [('charge_point_id', 'CP_1')] msg_value: <Call - unique_id=0e6bb07e-cb96-4b28-a600-bb952e66899e, action=Heartbeat, payload={}>"}
{"timestamp": "2024-06-13T14:38:45.651928", "level": "INFO", "message": "KFH: Message delivered to CSMS. msg_value: b'[2,\"0e6bb07e-cb96-4b28-a600-bb952e66899e\",\"Heartbeat\",{}]'"}
{"timestamp": "2024-06-13T14:38:45.655472", "level": "INFO", "message": "KFH:  Message consumed. topic: messages_out msg_value: <CallResult - unique_id=0e6bb07e-cb96-4b28-a600-bb952e66899e, action=None, payload={'currentTime': '2024-06-13T16:38:45.653425'}> msg_headers: [('charge_point_id', b'CP_1')] "}
{"timestamp": "2024-06-13T14:38:56.664789", "level": "INFO", "message": "KFH: Publishing message msg_headers: [('charge_point_id', 'CP_1')] msg_value: <Call - unique_id=f197c521-fbc6-449e-a4d5-abce7fe73016, action=Heartbeat, payload={}>"}
{"timestamp": "2024-06-13T14:38:56.675128", "level": "INFO", "message": "KFH: Message delivered to CSMS. msg_value: b'[2,\"f197c521-fbc6-449e-a4d5-abce7fe73016\",\"Heartbeat\",{}]'"}
{"timestamp": "2024-06-13T14:38:57.665913", "level": "INFO", "message": "KFH:  Message consumed. topic: messages_out msg_value: <CallResult - unique_id=f197c521-fbc6-449e-a4d5-abce7fe73016, action=None, payload={'currentTime': '2024-06-13T16:38:56.674229'}> msg_headers: [('charge_point_id', b'CP_1')] "}
{"timestamp": "2024-06-13T14:39:07.672665", "level": "INFO", "message": "KFH: Publishing message msg_headers: [('charge_point_id', 'CP_1')] msg_value: <Call - unique_id=ae86bb41-b8f6-40b8-b66b-ee6ee9f96bb9, action=Heartbeat, payload={}>"}
{"timestamp": "2024-06-13T14:39:07.679352", "level": "INFO", "message": "KFH: Message delivered to CSMS. msg_value: b'[2,\"ae86bb41-b8f6-40b8-b66b-ee6ee9f96bb9\",\"Heartbeat\",{}]'"}
{"timestamp": "2024-06-13T14:39:07.686232", "level": "INFO", "message": "KFH:  Message consumed. topic: messages_out msg_value: <CallResult - unique_id=ae86bb41-b8f6-40b8-b66b-ee6ee9f96bb9, action=None, payload={'currentTime': '2024-06-13T16:39:07.684990'}> msg_headers: [('charge_point_id', b'CP_1')] "}
{"timestamp": "2024-06-13T14:39:18.695283", "level": "INFO", "message": "KFH: Publishing message msg_headers: [('charge_point_id', 'CP_1')] msg_value: <Call - unique_id=106226aa-d9b4-4757-a60c-a96c1e3e6e52, action=Heartbeat, payload={}>"}
{"timestamp": "2024-06-13T14:39:18.705883", "level": "INFO", "message": "KFH: Message delivered to CSMS. msg_value: b'[2,\"106226aa-d9b4-4757-a60c-a96c1e3e6e52\",\"Heartbeat\",{}]'"}
{"timestamp": "2024-06-13T14:39:19.696391", "level": "INFO", "message": "KFH:  Message consumed. topic: messages_out msg_value: <CallResult - unique_id=106226aa-d9b4-4757-a60c-a96c1e3e6e52, action=None, payload={'currentTime': '2024-06-13T16:39:18.706000'}> msg_headers: [('charge_point_id', b'CP_1')] "}
{"timestamp": "2024-06-13T14:39:30.706018", "level": "INFO", "message": "KFH: Publishing message msg_headers: [('charge_point_id', 'CP_1')] msg_value: <Call - unique_id=43447886-225f-43ec-ac8b-f3cdb14e604a, action=Heartbeat, payload={}>"}
{"timestamp": "2024-06-13T14:39:30.714414", "level": "INFO", "message": "KFH: Message delivered to CSMS. msg_value: b'[2,\"43447886-225f-43ec-ac8b-f3cdb14e604a\",\"Heartbeat\",{}]'"}
{"timestamp": "2024-06-13T14:39:31.708047", "level": "INFO", "message": "KFH:  Message consumed. topic: messages_out msg_value: <CallResult - unique_id=43447886-225f-43ec-ac8b-f3cdb14e604a, action=None, payload={'currentTime': '2024-06-13T16:39:30.714243'}> msg_headers: [('charge_point_id', b'CP_1')] "}
{"timestamp": "2024-06-13T14:39:42.718793", "level": "INFO", "message": "KFH: Publishing message msg_headers: [('charge_point_id', 'CP_1')] msg_value: <Call - unique_id=570459eb-43dd-4135-ad27-89f671558c07, action=Heartbeat, payload={}>"}
{"timestamp": "2024-06-13T14:39:42.728761", "level": "INFO", "message": "KFH: Message delivered to CSMS. msg_value: b'[2,\"570459eb-43dd-4135-ad27-89f671558c07\",\"Heartbeat\",{}]'"}
{"timestamp": "2024-06-13T14:39:43.719764", "level": "INFO", "message": "KFH:  Message consumed. topic: messages_out msg_value: <CallResult - unique_id=570459eb-43dd-4135-ad27-89f671558c07, action=None, payload={'currentTime': '2024-06-13T16:39:42.825326'}> msg_headers: [('charge_point_id', b'CP_1')] "}
{"timestamp": "2024-06-13T14:39:54.733765", "level": "INFO", "message": "KFH: Publishing message msg_headers: [('charge_point_id', 'CP_1')] msg_value: <Call - unique_id=e0bc939e-b97a-4c39-8c34-dbceb5d8f947, action=Heartbeat, payload={}>"}
{"timestamp": "2024-06-13T14:39:54.744004", "level": "INFO", "message": "KFH: Message delivered to CSMS. msg_value: b'[2,\"e0bc939e-b97a-4c39-8c34-dbceb5d8f947\",\"Heartbeat\",{}]'"}
{"timestamp": "2024-06-13T14:39:55.735714", "level": "INFO", "message": "KFH:  Message consumed. topic: messages_out msg_value: <CallResult - unique_id=e0bc939e-b97a-4c39-8c34-dbceb5d8f947, action=None, payload={'currentTime': '2024-06-13T16:39:54.744243'}> msg_headers: [('charge_point_id', b'CP_1')] "}
{"timestamp": "2024-06-13T14:40:05.742787", "level": "INFO", "message": "KFH: Publishing message msg_headers: [('charge_point_id', 'CP_1')] msg_value: <Call - unique_id=65aef5b7-78f1-4f0d-81e7-256b0a7da1d5, action=Heartbeat, payload={}>"}
{"timestamp": "2024-06-13T14:40:05.751114", "level": "INFO", "message": "KFH: Message delivered to CSMS. msg_value: b'[2,\"65aef5b7-78f1-4f0d-81e7-256b0a7da1d5\",\"Heartbeat\",{}]'"}
{"timestamp": "2024-06-13T14:40:05.756929", "level": "INFO", "message": "KFH:  Message consumed. topic: messages_out msg_value: <CallResult - unique_id=65aef5b7-78f1-4f0d-81e7-256b0a7da1d5, action=None, payload={'currentTime': '2024-06-13T16:40:05.754343'}> msg_headers: [('charge_point_id', b'CP_1')] "}
{"timestamp": "2024-06-13T14:40:16.765957", "level": "INFO", "message": "KFH: Publishing message msg_headers: [('charge_point_id', 'CP_1')] msg_value: <Call - unique_id=a6484610-fd0e-477b-a9c4-39fa58099b86, action=Heartbeat, payload={}>"}
{"timestamp": "2024-06-13T14:40:16.776224", "level": "INFO", "message": "KFH: Message delivered to CSMS. msg_value: b'[2,\"a6484610-fd0e-477b-a9c4-39fa58099b86\",\"Heartbeat\",{}]'"}
{"timestamp": "2024-06-13T14:40:17.767012", "level": "INFO", "message": "KFH:  Message consumed. topic: messages_out msg_value: <CallResult - unique_id=a6484610-fd0e-477b-a9c4-39fa58099b86, action=None, payload={'currentTime': '2024-06-13T16:40:16.775593'}> msg_headers: [('charge_point_id', b'CP_1')] "}
{"timestamp": "2024-06-13T14:40:23.615625", "level": "INFO", "message": "WSH: Client disconnected. charge_point_id: CP_1"}
{"timestamp": "2024-06-13T14:57:34.076657", "level": "INFO", "message": "OCPP GW application started..."}
{"timestamp": "2024-06-13T14:57:34.083624", "level": "INFO", "message": "KFH: Kafka consumer and producer initialized. servers: kafka01:29192,kafka02:29292,kafka03:29392)"}
{"timestamp": "2024-06-13T14:57:34.083878", "level": "INFO", "message": "WSH: WebSocket server initialized. host: 0.0.0.0 port: 9000"}
{"timestamp": "2024-06-13T15:06:35.036168", "level": "INFO", "message": "OCPP GW application started..."}
{"timestamp": "2024-06-13T15:06:35.038128", "level": "INFO", "message": "KFH: Kafka consumer and producer initialized. servers: kafka01:29192,kafka02:29292,kafka03:29392"}
{"timestamp": "2024-06-13T15:06:35.038237", "level": "INFO", "message": "WSH: WebSocket server initialized. host: 0.0.0.0 port: 9000"}
{"timestamp": "2024-06-13T15:06:50.051822", "level": "INFO", "message": "WSH: Connection Request. charge_point_id: CP_1"}
{"timestamp": "2024-06-13T15:06:50.055512", "level": "INFO", "message": "KFH: Publishing message msg_headers: [('charge_point_id', 'CP_1')] msg_value: <Call - unique_id=bddb4be5-592e-449e-a746-069f5b3e9551, action=BootNotification, payload={'chargingStation': {'model': 'Wallbox 123', 'vendorName': 'anewone'}, 'reason': 'PowerUp'}>"}
{"timestamp": "2024-06-13T15:06:51.049694", "level": "INFO", "message": "KFH: Message delivered to CSMS. msg_value: b'[2,\"bddb4be5-592e-449e-a746-069f5b3e9551\",\"BootNotification\",{\"chargingStation\":{\"model\":\"Wallbox 123\",\"vendorName\":\"anewone\"},\"reason\":\"PowerUp\"}]'"}
{"timestamp": "2024-06-13T15:06:51.116250", "level": "INFO", "message": "KFH:  Message consumed. topic: messages_out msg_value: <CallResult - unique_id=bddb4be5-592e-449e-a746-069f5b3e9551, action=None, payload={'currentTime': '2024-06-13T17:06:51.049224', 'interval': 10, 'status': 'Accepted'}> msg_headers: [('charge_point_id', b'CP_1')] "}
{"timestamp": "2024-06-13T15:06:52.117141", "level": "INFO", "message": "KFH: Publishing message msg_headers: [('charge_point_id', 'CP_1')] msg_value: <Call - unique_id=1f362c4e-d758-42ef-bafb-8816d07c5c12, action=Heartbeat, payload={}>"}
{"timestamp": "2024-06-13T15:06:52.125665", "level": "INFO", "message": "KFH: Message delivered to CSMS. msg_value: b'[2,\"1f362c4e-d758-42ef-bafb-8816d07c5c12\",\"Heartbeat\",{}]'"}
{"timestamp": "2024-06-13T15:06:53.118321", "level": "INFO", "message": "KFH:  Message consumed. topic: messages_out msg_value: <CallResult - unique_id=1f362c4e-d758-42ef-bafb-8816d07c5c12, action=None, payload={'currentTime': '2024-06-13T17:06:52.218233'}> msg_headers: [('charge_point_id', b'CP_1')] "}
{"timestamp": "2024-06-13T15:07:04.127893", "level": "INFO", "message": "KFH: Publishing message msg_headers: [('charge_point_id', 'CP_1')] msg_value: <Call - unique_id=85181be9-3564-40d0-a09f-0b40f00fbc2a, action=Heartbeat, payload={}>"}
{"timestamp": "2024-06-13T15:07:04.138216", "level": "INFO", "message": "KFH: Message delivered to CSMS. msg_value: b'[2,\"85181be9-3564-40d0-a09f-0b40f00fbc2a\",\"Heartbeat\",{}]'"}
{"timestamp": "2024-06-13T15:07:05.128632", "level": "INFO", "message": "KFH:  Message consumed. topic: messages_out msg_value: <CallResult - unique_id=85181be9-3564-40d0-a09f-0b40f00fbc2a, action=None, payload={'currentTime': '2024-06-13T17:07:04.138056'}> msg_headers: [('charge_point_id', b'CP_1')] "}
{"timestamp": "2024-06-13T15:07:16.136666", "level": "INFO", "message": "KFH: Publishing message msg_headers: [('charge_point_id', 'CP_1')] msg_value: <Call - unique_id=933b3ca2-1e37-4077-98db-b4223112714f, action=Heartbeat, payload={}>"}
{"timestamp": "2024-06-13T15:07:16.148023", "level": "INFO", "message": "KFH: Message delivered to CSMS. msg_value: b'[2,\"933b3ca2-1e37-4077-98db-b4223112714f\",\"Heartbeat\",{}]'"}
{"timestamp": "2024-06-13T15:07:17.138798", "level": "INFO", "message": "KFH:  Message consumed. topic: messages_out msg_value: <CallResult - unique_id=933b3ca2-1e37-4077-98db-b4223112714f, action=None, payload={'currentTime': '2024-06-13T17:07:16.147408'}> msg_headers: [('charge_point_id', b'CP_1')] "}
{"timestamp": "2024-06-13T15:07:28.147657", "level": "INFO", "message": "KFH: Publishing message msg_headers: [('charge_point_id', 'CP_1')] msg_value: <Call - unique_id=e2a04f99-536b-4f33-8690-e5dead67106f, action=Heartbeat, payload={}>"}
{"timestamp": "2024-06-13T15:07:28.157134", "level": "INFO", "message": "KFH: Message delivered to CSMS. msg_value: b'[2,\"e2a04f99-536b-4f33-8690-e5dead67106f\",\"Heartbeat\",{}]'"}
{"timestamp": "2024-06-13T15:07:29.148812", "level": "INFO", "message": "KFH:  Message consumed. topic: messages_out msg_value: <CallResult - unique_id=e2a04f99-536b-4f33-8690-e5dead67106f, action=None, payload={'currentTime': '2024-06-13T17:07:28.157167'}> msg_headers: [('charge_point_id', b'CP_1')] "}
{"timestamp": "2024-06-13T15:07:39.153438", "level": "INFO", "message": "KFH: Publishing message msg_headers: [('charge_point_id', 'CP_1')] msg_value: <Call - unique_id=38c3edb5-cfbc-421b-8663-684366b425fd, action=Heartbeat, payload={}>"}
{"timestamp": "2024-06-13T15:07:39.162182", "level": "INFO", "message": "KFH: Message delivered to CSMS. msg_value: b'[2,\"38c3edb5-cfbc-421b-8663-684366b425fd\",\"Heartbeat\",{}]'"}
{"timestamp": "2024-06-13T15:07:39.167713", "level": "INFO", "message": "KFH:  Message consumed. topic: messages_out msg_value: <CallResult - unique_id=38c3edb5-cfbc-421b-8663-684366b425fd, action=None, payload={'currentTime': '2024-06-13T17:07:39.164580'}> msg_headers: [('charge_point_id', b'CP_1')] "}
{"timestamp": "2024-06-13T15:07:49.176590", "level": "INFO", "message": "KFH: Publishing message msg_headers: [('charge_point_id', 'CP_1')] msg_value: <Call - unique_id=0badf073-657c-4deb-bf03-09ef60495907, action=Heartbeat, payload={}>"}
{"timestamp": "2024-06-13T15:07:49.183628", "level": "INFO", "message": "KFH: Message delivered to CSMS. msg_value: b'[2,\"0badf073-657c-4deb-bf03-09ef60495907\",\"Heartbeat\",{}]'"}
{"timestamp": "2024-06-13T15:07:49.184617", "level": "INFO", "message": "KFH:  Message consumed. topic: messages_out msg_value: <CallResult - unique_id=0badf073-657c-4deb-bf03-09ef60495907, action=None, payload={'currentTime': '2024-06-13T17:07:49.183523'}> msg_headers: [('charge_point_id', b'CP_1')] "}
{"timestamp": "2024-06-13T15:07:53.033683", "level": "INFO", "message": "WSH: Client disconnected. charge_point_id: CP_1"}
